{"/home/travis/build/npmtest/node-npmtest-huntsman/test.js":{"path":"/home/travis/build/npmtest/node-npmtest-huntsman/test.js","s":{"1":2,"2":2,"3":2,"4":2,"5":2,"6":2,"7":2,"8":1,"9":2,"10":2,"11":1,"12":1,"13":1,"14":1,"15":2,"16":2,"17":2,"18":2,"19":1,"20":1,"21":2,"22":2,"23":2,"24":1,"25":1,"26":1,"27":1,"28":1,"29":1,"30":1,"31":1,"32":1,"33":1,"34":1,"35":1,"36":1,"37":1,"38":1,"39":2,"40":2,"41":1,"42":2,"43":2,"44":1,"45":2,"46":2,"47":1,"48":2,"49":2,"50":1,"51":1,"52":1,"53":1,"54":1},"b":{"1":[2,1,1,1],"2":[1,1,1,1],"3":[1,1],"4":[1,1],"5":[1,1],"6":[1,1],"7":[1,1],"8":[1,1],"9":[1,1],"10":[1,1,1],"11":[1,1],"12":[1,1],"13":[1,1],"14":[1,1],"15":[1,1],"16":[1,1],"17":[1,1]},"f":{"1":2,"2":2,"3":2,"4":2,"5":2,"6":1,"7":1,"8":1,"9":2,"10":2,"11":2,"12":2,"13":1},"fnMap":{"1":{"name":"(anonymous_1)","line":12,"loc":{"start":{"line":12,"column":1},"end":{"line":12,"column":13}}},"2":{"name":"(anonymous_2)","line":19,"loc":{"start":{"line":19,"column":5},"end":{"line":19,"column":17}}},"3":{"name":"(anonymous_3)","line":23,"loc":{"start":{"line":23,"column":24},"end":{"line":23,"column":36}}},"4":{"name":"(anonymous_4)","line":61,"loc":{"start":{"line":61,"column":5},"end":{"line":61,"column":17}}},"5":{"name":"(anonymous_5)","line":82,"loc":{"start":{"line":82,"column":5},"end":{"line":82,"column":17}}},"6":{"name":"(anonymous_6)","line":91,"loc":{"start":{"line":91,"column":77},"end":{"line":94,"column":10}}},"7":{"name":"(anonymous_7)","line":112,"loc":{"start":{"line":112,"column":83},"end":{"line":115,"column":10}},"skip":true},"8":{"name":"(anonymous_8)","line":123,"loc":{"start":{"line":123,"column":77},"end":{"line":126,"column":10}},"skip":true},"9":{"name":"(anonymous_9)","line":139,"loc":{"start":{"line":139,"column":12},"end":{"line":139,"column":40}},"skip":true},"10":{"name":"(anonymous_10)","line":147,"loc":{"start":{"line":147,"column":77},"end":{"line":150,"column":10}},"skip":true},"11":{"name":"(anonymous_11)","line":158,"loc":{"start":{"line":158,"column":83},"end":{"line":161,"column":10}},"skip":true},"12":{"name":"(anonymous_12)","line":169,"loc":{"start":{"line":169,"column":79},"end":{"line":172,"column":10}},"skip":true},"13":{"name":"(anonymous_13)","line":180,"loc":{"start":{"line":180,"column":75},"end":{"line":183,"column":10}},"skip":true}},"statementMap":{"1":{"start":{"line":12,"column":0},"end":{"line":195,"column":5}},"2":{"start":{"line":14,"column":4},"end":{"line":14,"column":14}},"3":{"start":{"line":19,"column":4},"end":{"line":56,"column":9}},"4":{"start":{"line":21,"column":8},"end":{"line":21,"column":19}},"5":{"start":{"line":23,"column":8},"end":{"line":35,"column":13}},"6":{"start":{"line":24,"column":12},"end":{"line":34,"column":13}},"7":{"start":{"line":25,"column":16},"end":{"line":28,"column":30}},"8":{"start":{"line":30,"column":16},"end":{"line":33,"column":27}},"9":{"start":{"line":37,"column":8},"end":{"line":39,"column":21}},"10":{"start":{"line":40,"column":8},"end":{"line":53,"column":9}},"11":{"start":{"line":43,"column":12},"end":{"line":46,"column":14}},"12":{"start":{"line":47,"column":12},"end":{"line":47,"column":18}},"13":{"start":{"line":50,"column":12},"end":{"line":51,"column":46}},"14":{"start":{"line":52,"column":12},"end":{"line":52,"column":18}},"15":{"start":{"line":55,"column":8},"end":{"line":55,"column":35}},"16":{"start":{"line":61,"column":4},"end":{"line":63,"column":9}},"17":{"start":{"line":62,"column":8},"end":{"line":62,"column":15}},"18":{"start":{"line":64,"column":4},"end":{"line":77,"column":5}},"19":{"start":{"line":70,"column":8},"end":{"line":70,"column":14}},"20":{"start":{"line":76,"column":8},"end":{"line":76,"column":14}},"21":{"start":{"line":82,"column":4},"end":{"line":84,"column":9}},"22":{"start":{"line":83,"column":8},"end":{"line":83,"column":15}},"23":{"start":{"line":85,"column":4},"end":{"line":194,"column":5}},"24":{"start":{"line":91,"column":8},"end":{"line":99,"column":10}},"25":{"start":{"line":98,"column":12},"end":{"line":98,"column":35}},"26":{"start":{"line":102,"column":8},"end":{"line":104,"column":63}},"27":{"start":{"line":105,"column":8},"end":{"line":105,"column":14}},"28":{"start":{"line":112,"column":8},"end":{"line":121,"column":10},"skip":true},"29":{"start":{"line":119,"column":12},"end":{"line":119,"column":55},"skip":true},"30":{"start":{"line":120,"column":12},"end":{"line":120,"column":48},"skip":true},"31":{"start":{"line":123,"column":8},"end":{"line":136,"column":10},"skip":true},"32":{"start":{"line":130,"column":12},"end":{"line":130,"column":76},"skip":true},"33":{"start":{"line":131,"column":12},"end":{"line":131,"column":73},"skip":true},"34":{"start":{"line":132,"column":12},"end":{"line":132,"column":74},"skip":true},"35":{"start":{"line":133,"column":12},"end":{"line":133,"column":79},"skip":true},"36":{"start":{"line":134,"column":12},"end":{"line":134,"column":25},"skip":true},"37":{"start":{"line":135,"column":12},"end":{"line":135,"column":45},"skip":true},"38":{"start":{"line":138,"column":8},"end":{"line":145,"column":14},"skip":true},"39":{"start":{"line":143,"column":16},"end":{"line":143,"column":29},"skip":true},"40":{"start":{"line":144,"column":16},"end":{"line":144,"column":55},"skip":true},"41":{"start":{"line":147,"column":8},"end":{"line":156,"column":10},"skip":true},"42":{"start":{"line":154,"column":12},"end":{"line":154,"column":25},"skip":true},"43":{"start":{"line":155,"column":12},"end":{"line":155,"column":45},"skip":true},"44":{"start":{"line":158,"column":8},"end":{"line":167,"column":10},"skip":true},"45":{"start":{"line":165,"column":12},"end":{"line":165,"column":25},"skip":true},"46":{"start":{"line":166,"column":12},"end":{"line":166,"column":48},"skip":true},"47":{"start":{"line":169,"column":8},"end":{"line":178,"column":10},"skip":true},"48":{"start":{"line":176,"column":12},"end":{"line":176,"column":25},"skip":true},"49":{"start":{"line":177,"column":12},"end":{"line":177,"column":46},"skip":true},"50":{"start":{"line":180,"column":8},"end":{"line":189,"column":10},"skip":true},"51":{"start":{"line":187,"column":12},"end":{"line":187,"column":94},"skip":true},"52":{"start":{"line":188,"column":12},"end":{"line":188,"column":48},"skip":true},"53":{"start":{"line":192,"column":8},"end":{"line":192,"column":35},"skip":true},"54":{"start":{"line":193,"column":8},"end":{"line":193,"column":14},"skip":true}},"branchMap":{"1":{"line":25,"type":"binary-expr","locations":[{"start":{"line":25,"column":23},"end":{"line":25,"column":62}},{"start":{"line":26,"column":20},"end":{"line":26,"column":70}},{"start":{"line":27,"column":20},"end":{"line":27,"column":71}},{"start":{"line":28,"column":20},"end":{"line":28,"column":29}}]},"2":{"line":30,"type":"binary-expr","locations":[{"start":{"line":30,"column":23},"end":{"line":30,"column":37}},{"start":{"line":31,"column":20},"end":{"line":31,"column":61}},{"start":{"line":32,"column":20},"end":{"line":32,"column":70}},{"start":{"line":33,"column":20},"end":{"line":33,"column":26}}]},"3":{"line":37,"type":"cond-expr","locations":[{"start":{"line":38,"column":14},"end":{"line":38,"column":20}},{"start":{"line":39,"column":14},"end":{"line":39,"column":20}}]},"4":{"line":40,"type":"switch","locations":[{"start":{"line":42,"column":8},"end":{"line":47,"column":18}},{"start":{"line":49,"column":8},"end":{"line":52,"column":18}}]},"5":{"line":44,"type":"binary-expr","locations":[{"start":{"line":44,"column":16},"end":{"line":44,"column":44}},{"start":{"line":44,"column":48},"end":{"line":44,"column":66}}]},"6":{"line":50,"type":"binary-expr","locations":[{"start":{"line":50,"column":21},"end":{"line":50,"column":49}},{"start":{"line":50,"column":53},"end":{"line":50,"column":72}}]},"7":{"line":64,"type":"switch","locations":[{"start":{"line":69,"column":4},"end":{"line":70,"column":14}},{"start":{"line":75,"column":4},"end":{"line":76,"column":14}}]},"8":{"line":85,"type":"switch","locations":[{"start":{"line":90,"column":4},"end":{"line":105,"column":14}},{"start":{"line":111,"column":4},"end":{"line":193,"column":14},"skip":true}]},"9":{"line":91,"type":"binary-expr","locations":[{"start":{"line":91,"column":42},"end":{"line":91,"column":73}},{"start":{"line":91,"column":77},"end":{"line":99,"column":9}}]},"10":{"line":102,"type":"binary-expr","locations":[{"start":{"line":102,"column":18},"end":{"line":102,"column":32}},{"start":{"line":103,"column":12},"end":{"line":103,"column":53}},{"start":{"line":104,"column":12},"end":{"line":104,"column":61}}]},"11":{"line":112,"type":"binary-expr","locations":[{"start":{"line":112,"column":45},"end":{"line":112,"column":79},"skip":true},{"start":{"line":112,"column":83},"end":{"line":121,"column":9},"skip":true}]},"12":{"line":123,"type":"binary-expr","locations":[{"start":{"line":123,"column":42},"end":{"line":123,"column":73},"skip":true},{"start":{"line":123,"column":77},"end":{"line":136,"column":9},"skip":true}]},"13":{"line":138,"type":"binary-expr","locations":[{"start":{"line":138,"column":48},"end":{"line":138,"column":85},"skip":true},{"start":{"line":139,"column":12},"end":{"line":145,"column":13},"skip":true}]},"14":{"line":147,"type":"binary-expr","locations":[{"start":{"line":147,"column":42},"end":{"line":147,"column":73},"skip":true},{"start":{"line":147,"column":77},"end":{"line":156,"column":9},"skip":true}]},"15":{"line":158,"type":"binary-expr","locations":[{"start":{"line":158,"column":45},"end":{"line":158,"column":79},"skip":true},{"start":{"line":158,"column":83},"end":{"line":167,"column":9},"skip":true}]},"16":{"line":169,"type":"binary-expr","locations":[{"start":{"line":169,"column":43},"end":{"line":169,"column":75},"skip":true},{"start":{"line":169,"column":79},"end":{"line":178,"column":9},"skip":true}]},"17":{"line":180,"type":"binary-expr","locations":[{"start":{"line":180,"column":41},"end":{"line":180,"column":71},"skip":true},{"start":{"line":180,"column":75},"end":{"line":189,"column":9},"skip":true}]}},"code":["/* istanbul instrument in package npmtest_huntsman */","/*jslint","    bitwise: true,","    browser: true,","    maxerr: 8,","    maxlen: 96,","    node: true,","    nomen: true,","    regexp: true,","    stupid: true","*/","(function () {","    'use strict';","    var local;","","","","    // run shared js-env code - pre-init","    (function () {","        // init local","        local = {};","        // init modeJs","        local.modeJs = (function () {","            try {","                return typeof navigator.userAgent === 'string' &&","                    typeof document.querySelector('body') === 'object' &&","                    typeof XMLHttpRequest.prototype.open === 'function' &&","                    'browser';","            } catch (errorCaughtBrowser) {","                return module.exports &&","                    typeof process.versions.node === 'string' &&","                    typeof require('http').createServer === 'function' &&","                    'node';","            }","        }());","        // init global","        local.global = local.modeJs === 'browser'","            ? window","            : global;","        switch (local.modeJs) {","        // re-init local from window.local","        case 'browser':","            local = local.global.utility2.objectSetDefault(","                local.global.utility2_rollup || local.global.local,","                local.global.utility2","            );","            break;","        // re-init local from example.js","        case 'node':","            local = (local.global.utility2_rollup || require('utility2'))","                .requireExampleJsFromReadme();","            break;","        }","        // export local","        local.global.local = local;","    }());","","","","    // run shared js-env code - function","    (function () {","        return;","    }());","    switch (local.modeJs) {","","","","    // run browser js-env code - function","    case 'browser':","        break;","","","","    // run node js-env code - function","    case 'node':","        break;","    }","","","","    // run shared js-env code - post-init","    (function () {","        return;","    }());","    switch (local.modeJs) {","","","","    // run browser js-env code - post-init","    case 'browser':","        local.testCase_browser_nullCase = local.testCase_browser_nullCase || function (","            options,","            onError","        ) {","        /*","         * this function will test browsers's null-case handling-behavior-behavior","         */","            onError(null, options);","        };","","        // run tests","        local.nop(local.modeTest &&","            document.querySelector('#testRunButton1') &&","            document.querySelector('#testRunButton1').click());","        break;","","","","    // run node js-env code - post-init","    /* istanbul ignore next */","    case 'node':","        local.testCase_buildApidoc_default = local.testCase_buildApidoc_default || function (","            options,","            onError","        ) {","        /*","         * this function will test buildApidoc's default handling-behavior-behavior","         */","            options = { modulePathList: module.paths };","            local.buildApidoc(options, onError);","        };","","        local.testCase_buildApp_default = local.testCase_buildApp_default || function (","            options,","            onError","        ) {","        /*","         * this function will test buildApp's default handling-behavior-behavior","         */","            local.testCase_buildReadme_default(options, local.onErrorThrow);","            local.testCase_buildLib_default(options, local.onErrorThrow);","            local.testCase_buildTest_default(options, local.onErrorThrow);","            local.testCase_buildCustomOrg_default(options, local.onErrorThrow);","            options = [];","            local.buildApp(options, onError);","        };","","        local.testCase_buildCustomOrg_default = local.testCase_buildCustomOrg_default ||","            function (options, onError) {","            /*","             * this function will test buildCustomOrg's default handling-behavior","             */","                options = {};","                local.buildCustomOrg(options, onError);","            };","","        local.testCase_buildLib_default = local.testCase_buildLib_default || function (","            options,","            onError","        ) {","        /*","         * this function will test buildLib's default handling-behavior","         */","            options = {};","            local.buildLib(options, onError);","        };","","        local.testCase_buildReadme_default = local.testCase_buildReadme_default || function (","            options,","            onError","        ) {","        /*","         * this function will test buildReadme's default handling-behavior-behavior","         */","            options = {};","            local.buildReadme(options, onError);","        };","","        local.testCase_buildTest_default = local.testCase_buildTest_default || function (","            options,","            onError","        ) {","        /*","         * this function will test buildTest's default handling-behavior","         */","            options = {};","            local.buildTest(options, onError);","        };","","        local.testCase_webpage_default = local.testCase_webpage_default || function (","            options,","            onError","        ) {","        /*","         * this function will test webpage's default handling-behavior","         */","            options = { modeCoverageMerge: true, url: local.serverLocalHost + '?modeTest=1' };","            local.browserTest(options, onError);","        };","","        // run test-server","        local.testRunServer(local);","        break;","    }","}());",""],"l":{"12":2,"14":2,"19":2,"21":2,"23":2,"24":2,"25":2,"30":1,"37":2,"40":2,"43":1,"47":1,"50":1,"52":1,"55":2,"61":2,"62":2,"64":2,"70":1,"76":1,"82":2,"83":2,"85":2,"91":1,"98":1,"102":1,"105":1,"112":1,"119":1,"120":1,"123":1,"130":1,"131":1,"132":1,"133":1,"134":1,"135":1,"138":1,"143":2,"144":2,"147":1,"154":2,"155":2,"158":1,"165":2,"166":2,"169":1,"176":2,"177":2,"180":1,"187":1,"188":1,"192":1,"193":1}},"/home/travis/build/npmtest/node-npmtest-huntsman/lib.npmtest_huntsman.js":{"path":"/home/travis/build/npmtest/node-npmtest-huntsman/lib.npmtest_huntsman.js","s":{"1":2,"2":2,"3":2,"4":2,"5":2,"6":2,"7":2,"8":1,"9":2,"10":2,"11":2,"12":2,"13":1,"14":1,"15":1,"16":1},"b":{"1":[2,1,1,1],"2":[1,1,1,1],"3":[1,1],"4":[2,2],"5":[1,1]},"f":{"1":2,"2":2,"3":2},"fnMap":{"1":{"name":"(anonymous_1)","line":12,"loc":{"start":{"line":12,"column":1},"end":{"line":12,"column":13}}},"2":{"name":"(anonymous_2)","line":19,"loc":{"start":{"line":19,"column":5},"end":{"line":19,"column":17}}},"3":{"name":"(anonymous_3)","line":23,"loc":{"start":{"line":23,"column":24},"end":{"line":23,"column":36}}}},"statementMap":{"1":{"start":{"line":12,"column":0},"end":{"line":53,"column":5}},"2":{"start":{"line":14,"column":4},"end":{"line":14,"column":14}},"3":{"start":{"line":19,"column":4},"end":{"line":52,"column":9}},"4":{"start":{"line":21,"column":8},"end":{"line":21,"column":19}},"5":{"start":{"line":23,"column":8},"end":{"line":35,"column":13}},"6":{"start":{"line":24,"column":12},"end":{"line":34,"column":13}},"7":{"start":{"line":25,"column":16},"end":{"line":28,"column":30}},"8":{"start":{"line":30,"column":16},"end":{"line":33,"column":27}},"9":{"start":{"line":37,"column":8},"end":{"line":39,"column":21}},"10":{"start":{"line":41,"column":8},"end":{"line":41,"column":54}},"11":{"start":{"line":43,"column":8},"end":{"line":43,"column":53}},"12":{"start":{"line":45,"column":8},"end":{"line":51,"column":9}},"13":{"start":{"line":46,"column":12},"end":{"line":46,"column":59}},"14":{"start":{"line":48,"column":12},"end":{"line":48,"column":35}},"15":{"start":{"line":49,"column":12},"end":{"line":49,"column":49}},"16":{"start":{"line":50,"column":12},"end":{"line":50,"column":43}}},"branchMap":{"1":{"line":25,"type":"binary-expr","locations":[{"start":{"line":25,"column":23},"end":{"line":25,"column":62}},{"start":{"line":26,"column":20},"end":{"line":26,"column":70}},{"start":{"line":27,"column":20},"end":{"line":27,"column":71}},{"start":{"line":28,"column":20},"end":{"line":28,"column":29}}]},"2":{"line":30,"type":"binary-expr","locations":[{"start":{"line":30,"column":23},"end":{"line":30,"column":37}},{"start":{"line":31,"column":20},"end":{"line":31,"column":61}},{"start":{"line":32,"column":20},"end":{"line":32,"column":70}},{"start":{"line":33,"column":20},"end":{"line":33,"column":26}}]},"3":{"line":37,"type":"cond-expr","locations":[{"start":{"line":38,"column":14},"end":{"line":38,"column":20}},{"start":{"line":39,"column":14},"end":{"line":39,"column":20}}]},"4":{"line":41,"type":"binary-expr","locations":[{"start":{"line":41,"column":16},"end":{"line":41,"column":44}},{"start":{"line":41,"column":48},"end":{"line":41,"column":53}}]},"5":{"line":45,"type":"if","locations":[{"start":{"line":45,"column":8},"end":{"line":45,"column":8}},{"start":{"line":45,"column":8},"end":{"line":45,"column":8}}]}},"code":["/* istanbul instrument in package npmtest_huntsman */","/*jslint","    bitwise: true,","    browser: true,","    maxerr: 8,","    maxlen: 96,","    node: true,","    nomen: true,","    regexp: true,","    stupid: true","*/","(function () {","    'use strict';","    var local;","","","","    // run shared js-env code - pre-init","    (function () {","        // init local","        local = {};","        // init modeJs","        local.modeJs = (function () {","            try {","                return typeof navigator.userAgent === 'string' &&","                    typeof document.querySelector('body') === 'object' &&","                    typeof XMLHttpRequest.prototype.open === 'function' &&","                    'browser';","            } catch (errorCaughtBrowser) {","                return module.exports &&","                    typeof process.versions.node === 'string' &&","                    typeof require('http').createServer === 'function' &&","                    'node';","            }","        }());","        // init global","        local.global = local.modeJs === 'browser'","            ? window","            : global;","        // init utility2_rollup","        local = local.global.utility2_rollup || local;","        // init lib","        local.local = local.npmtest_huntsman = local;","        // init exports","        if (local.modeJs === 'browser') {","            local.global.utility2_npmtest_huntsman = local;","        } else {","            module.exports = local;","            module.exports.__dirname = __dirname;","            module.exports.module = module;","        }","    }());","}());",""],"l":{"12":2,"14":2,"19":2,"21":2,"23":2,"24":2,"25":2,"30":1,"37":2,"41":2,"43":2,"45":2,"46":1,"48":1,"49":1,"50":1}},"/home/travis/build/npmtest/node-npmtest-huntsman/example.js":{"path":"/home/travis/build/npmtest/node-npmtest-huntsman/example.js","s":{"1":2,"2":2,"3":2,"4":2,"5":2,"6":2,"7":2,"8":1,"9":2,"10":2,"11":2,"12":2,"13":1,"14":2,"15":2,"16":2,"17":2,"18":2,"19":0,"20":2,"21":1,"22":1,"23":1,"24":1,"25":1,"26":0,"27":0,"28":1,"29":1,"30":2,"31":0,"32":0,"33":0,"34":1,"35":2,"36":2,"37":3,"38":3,"39":3,"40":3,"41":0,"42":3,"43":3,"44":3,"45":1,"46":3,"47":1,"48":1,"49":1,"50":1,"51":1,"52":1,"53":1,"54":1,"55":1,"56":1,"57":0,"58":1,"59":6,"60":6,"61":1,"62":2,"63":0,"64":2,"65":1,"66":1,"67":0,"68":0,"69":0,"70":0,"71":0,"72":0,"73":0,"74":0,"75":0,"76":0,"77":0,"78":0,"79":0,"80":0,"81":0,"82":0,"83":0},"b":{"1":[2,1,1,1],"2":[1,1,1,1],"3":[1,1],"4":[2,2],"5":[1,1],"6":[1,1],"7":[2,0],"8":[2,1,1,1,1,1],"9":[0,2,0],"10":[1,1],"11":[2,1,1],"12":[1,0],"13":[0,2],"14":[2,0,0,0,0,0,0],"15":[0,3],"16":[3,0],"17":[1,1],"18":[0,1],"19":[1,2,0,2],"20":[1,0],"21":[1,1],"22":[0,0],"23":[0,0],"24":[0,0],"25":[0,0],"26":[0,0],"27":[0,0],"28":[0,0]},"f":{"1":2,"2":2,"3":2,"4":2,"5":2,"6":2,"7":3,"8":3,"9":3,"10":1,"11":6,"12":0},"fnMap":{"1":{"name":"(anonymous_1)","line":26,"loc":{"start":{"line":26,"column":1},"end":{"line":26,"column":13}}},"2":{"name":"(anonymous_2)","line":33,"loc":{"start":{"line":33,"column":5},"end":{"line":33,"column":17}}},"3":{"name":"(anonymous_3)","line":37,"loc":{"start":{"line":37,"column":24},"end":{"line":37,"column":36}}},"4":{"name":"(anonymous_4)","line":69,"loc":{"start":{"line":69,"column":31},"end":{"line":69,"column":48}},"skip":true},"5":{"name":"(anonymous_5)","line":78,"loc":{"start":{"line":78,"column":26},"end":{"line":78,"column":45}},"skip":true},"6":{"name":"(anonymous_6)","line":123,"loc":{"start":{"line":123,"column":33},"end":{"line":123,"column":48}},"skip":true},"7":{"name":"(anonymous_7)","line":125,"loc":{"start":{"line":125,"column":27},"end":{"line":125,"column":39}},"skip":true},"8":{"name":"(anonymous_8)","line":133,"loc":{"start":{"line":133,"column":59},"end":{"line":133,"column":74}},"skip":true},"9":{"name":"(anonymous_9)","line":143,"loc":{"start":{"line":143,"column":45},"end":{"line":143,"column":62}},"skip":true},"10":{"name":"(anonymous_10)","line":144,"loc":{"start":{"line":144,"column":73},"end":{"line":144,"column":92}},"skip":true},"11":{"name":"(anonymous_11)","line":272,"loc":{"start":{"line":272,"column":51},"end":{"line":272,"column":77}},"skip":true},"12":{"name":"(anonymous_12)","line":315,"loc":{"start":{"line":315,"column":32},"end":{"line":315,"column":61}},"skip":true}},"statementMap":{"1":{"start":{"line":26,"column":0},"end":{"line":326,"column":5}},"2":{"start":{"line":28,"column":4},"end":{"line":28,"column":14}},"3":{"start":{"line":33,"column":4},"end":{"line":60,"column":9}},"4":{"start":{"line":35,"column":8},"end":{"line":35,"column":19}},"5":{"start":{"line":37,"column":8},"end":{"line":49,"column":13}},"6":{"start":{"line":38,"column":12},"end":{"line":48,"column":13}},"7":{"start":{"line":39,"column":16},"end":{"line":42,"column":30}},"8":{"start":{"line":44,"column":16},"end":{"line":47,"column":27}},"9":{"start":{"line":51,"column":8},"end":{"line":53,"column":21}},"10":{"start":{"line":55,"column":8},"end":{"line":57,"column":45}},"11":{"start":{"line":59,"column":8},"end":{"line":59,"column":35}},"12":{"start":{"line":61,"column":4},"end":{"line":325,"column":5}},"13":{"start":{"line":69,"column":8},"end":{"line":121,"column":10},"skip":true},"14":{"start":{"line":70,"column":12},"end":{"line":88,"column":13},"skip":true},"15":{"start":{"line":76,"column":16},"end":{"line":87,"column":19},"skip":true},"16":{"start":{"line":79,"column":20},"end":{"line":86,"column":21},"skip":true},"17":{"start":{"line":82,"column":24},"end":{"line":82,"column":43},"skip":true},"18":{"start":{"line":83,"column":24},"end":{"line":83,"column":30},"skip":true},"19":{"start":{"line":85,"column":24},"end":{"line":85,"column":49},"skip":true},"20":{"start":{"line":89,"column":12},"end":{"line":107,"column":13},"skip":true},"21":{"start":{"line":92,"column":16},"end":{"line":102,"column":17},"skip":true},"22":{"start":{"line":93,"column":20},"end":{"line":93,"column":86},"skip":true},"23":{"start":{"line":94,"column":20},"end":{"line":95,"column":45},"skip":true},"24":{"start":{"line":96,"column":20},"end":{"line":96,"column":42},"skip":true},"25":{"start":{"line":97,"column":20},"end":{"line":97,"column":48},"skip":true},"26":{"start":{"line":100,"column":20},"end":{"line":100,"column":85},"skip":true},"27":{"start":{"line":101,"column":20},"end":{"line":101,"column":96},"skip":true},"28":{"start":{"line":103,"column":16},"end":{"line":103,"column":22},"skip":true},"29":{"start":{"line":106,"column":16},"end":{"line":106,"column":22},"skip":true},"30":{"start":{"line":108,"column":12},"end":{"line":120,"column":13},"skip":true},"31":{"start":{"line":114,"column":16},"end":{"line":119,"column":17},"skip":true},"32":{"start":{"line":116,"column":20},"end":{"line":116,"column":78},"skip":true},"33":{"start":{"line":118,"column":20},"end":{"line":118,"column":47},"skip":true},"34":{"start":{"line":123,"column":8},"end":{"line":141,"column":11},"skip":true},"35":{"start":{"line":124,"column":12},"end":{"line":124,"column":54},"skip":true},"36":{"start":{"line":125,"column":12},"end":{"line":140,"column":14},"skip":true},"37":{"start":{"line":126,"column":16},"end":{"line":126,"column":28},"skip":true},"38":{"start":{"line":127,"column":16},"end":{"line":127,"column":69},"skip":true},"39":{"start":{"line":128,"column":16},"end":{"line":128,"column":75},"skip":true},"40":{"start":{"line":129,"column":16},"end":{"line":131,"column":17},"skip":true},"41":{"start":{"line":130,"column":20},"end":{"line":130,"column":27},"skip":true},"42":{"start":{"line":133,"column":16},"end":{"line":137,"column":36},"skip":true},"43":{"start":{"line":134,"column":20},"end":{"line":136,"column":55},"skip":true},"44":{"start":{"line":139,"column":16},"end":{"line":139,"column":57},"skip":true},"45":{"start":{"line":143,"column":8},"end":{"line":147,"column":11},"skip":true},"46":{"start":{"line":144,"column":12},"end":{"line":146,"column":15},"skip":true},"47":{"start":{"line":145,"column":16},"end":{"line":145,"column":70},"skip":true},"48":{"start":{"line":149,"column":8},"end":{"line":149,"column":31},"skip":true},"49":{"start":{"line":150,"column":8},"end":{"line":150,"column":14},"skip":true},"50":{"start":{"line":158,"column":8},"end":{"line":158,"column":31},"skip":true},"51":{"start":{"line":160,"column":8},"end":{"line":160,"column":33},"skip":true},"52":{"start":{"line":161,"column":8},"end":{"line":161,"column":37},"skip":true},"53":{"start":{"line":162,"column":8},"end":{"line":162,"column":35},"skip":true},"54":{"start":{"line":164,"column":8},"end":{"line":164,"column":50},"skip":true},"55":{"start":{"line":166,"column":8},"end":{"line":256,"column":2},"skip":true},"56":{"start":{"line":258,"column":8},"end":{"line":286,"column":9},"skip":true},"57":{"start":{"line":259,"column":12},"end":{"line":269,"column":14},"skip":true},"58":{"start":{"line":271,"column":12},"end":{"line":285,"column":19},"skip":true},"59":{"start":{"line":274,"column":20},"end":{"line":274,"column":35},"skip":true},"60":{"start":{"line":275,"column":20},"end":{"line":284,"column":21},"skip":true},"61":{"start":{"line":277,"column":24},"end":{"line":277,"column":64},"skip":true},"62":{"start":{"line":279,"column":24},"end":{"line":279,"column":40},"skip":true},"63":{"start":{"line":281,"column":24},"end":{"line":281,"column":40},"skip":true},"64":{"start":{"line":283,"column":24},"end":{"line":283,"column":39},"skip":true},"65":{"start":{"line":288,"column":8},"end":{"line":290,"column":9},"skip":true},"66":{"start":{"line":289,"column":12},"end":{"line":289,"column":18},"skip":true},"67":{"start":{"line":291,"column":8},"end":{"line":293,"column":54},"skip":true},"68":{"start":{"line":296,"column":8},"end":{"line":301,"column":37},"skip":true},"69":{"start":{"line":303,"column":8},"end":{"line":303,"column":82},"skip":true},"70":{"start":{"line":306,"column":8},"end":{"line":308,"column":9},"skip":true},"71":{"start":{"line":307,"column":12},"end":{"line":307,"column":82},"skip":true},"72":{"start":{"line":310,"column":8},"end":{"line":312,"column":9},"skip":true},"73":{"start":{"line":311,"column":12},"end":{"line":311,"column":18},"skip":true},"74":{"start":{"line":313,"column":8},"end":{"line":313,"column":54},"skip":true},"75":{"start":{"line":314,"column":8},"end":{"line":314,"column":69},"skip":true},"76":{"start":{"line":315,"column":8},"end":{"line":323,"column":36},"skip":true},"77":{"start":{"line":316,"column":12},"end":{"line":316,"column":61},"skip":true},"78":{"start":{"line":317,"column":12},"end":{"line":320,"column":13},"skip":true},"79":{"start":{"line":318,"column":16},"end":{"line":318,"column":75},"skip":true},"80":{"start":{"line":319,"column":16},"end":{"line":319,"column":23},"skip":true},"81":{"start":{"line":321,"column":12},"end":{"line":321,"column":38},"skip":true},"82":{"start":{"line":322,"column":12},"end":{"line":322,"column":27},"skip":true},"83":{"start":{"line":324,"column":8},"end":{"line":324,"column":14},"skip":true}},"branchMap":{"1":{"line":39,"type":"binary-expr","locations":[{"start":{"line":39,"column":23},"end":{"line":39,"column":62}},{"start":{"line":40,"column":20},"end":{"line":40,"column":70}},{"start":{"line":41,"column":20},"end":{"line":41,"column":71}},{"start":{"line":42,"column":20},"end":{"line":42,"column":29}}]},"2":{"line":44,"type":"binary-expr","locations":[{"start":{"line":44,"column":23},"end":{"line":44,"column":37}},{"start":{"line":45,"column":20},"end":{"line":45,"column":61}},{"start":{"line":46,"column":20},"end":{"line":46,"column":70}},{"start":{"line":47,"column":20},"end":{"line":47,"column":26}}]},"3":{"line":51,"type":"cond-expr","locations":[{"start":{"line":52,"column":14},"end":{"line":52,"column":20}},{"start":{"line":53,"column":14},"end":{"line":53,"column":20}}]},"4":{"line":55,"type":"binary-expr","locations":[{"start":{"line":55,"column":16},"end":{"line":55,"column":44}},{"start":{"line":55,"column":49},"end":{"line":57,"column":43}}]},"5":{"line":55,"type":"cond-expr","locations":[{"start":{"line":56,"column":14},"end":{"line":56,"column":52}},{"start":{"line":57,"column":14},"end":{"line":57,"column":43}}]},"6":{"line":61,"type":"switch","locations":[{"start":{"line":68,"column":4},"end":{"line":150,"column":14},"skip":true},{"start":{"line":156,"column":4},"end":{"line":324,"column":14},"skip":true}]},"7":{"line":70,"type":"if","locations":[{"start":{"line":70,"column":12},"end":{"line":70,"column":12},"skip":true},{"start":{"line":70,"column":12},"end":{"line":70,"column":12},"skip":true}]},"8":{"line":70,"type":"binary-expr","locations":[{"start":{"line":70,"column":16},"end":{"line":70,"column":22},"skip":true},{"start":{"line":70,"column":27},"end":{"line":70,"column":32},"skip":true},{"start":{"line":71,"column":20},"end":{"line":71,"column":39},"skip":true},{"start":{"line":72,"column":20},"end":{"line":72,"column":49},"skip":true},{"start":{"line":73,"column":20},"end":{"line":73,"column":58},"skip":true},{"start":{"line":74,"column":20},"end":{"line":74,"column":69},"skip":true}]},"9":{"line":79,"type":"switch","locations":[{"start":{"line":80,"column":20},"end":{"line":80,"column":33},"skip":true},{"start":{"line":81,"column":20},"end":{"line":83,"column":30},"skip":true},{"start":{"line":84,"column":20},"end":{"line":85,"column":49},"skip":true}]},"10":{"line":89,"type":"switch","locations":[{"start":{"line":90,"column":12},"end":{"line":103,"column":22},"skip":true},{"start":{"line":105,"column":12},"end":{"line":106,"column":22},"skip":true}]},"11":{"line":89,"type":"binary-expr","locations":[{"start":{"line":89,"column":20},"end":{"line":89,"column":25},"skip":true},{"start":{"line":89,"column":29},"end":{"line":89,"column":48},"skip":true},{"start":{"line":89,"column":52},"end":{"line":89,"column":74},"skip":true}]},"12":{"line":92,"type":"if","locations":[{"start":{"line":92,"column":16},"end":{"line":92,"column":16},"skip":true},{"start":{"line":92,"column":16},"end":{"line":92,"column":16},"skip":true}]},"13":{"line":108,"type":"if","locations":[{"start":{"line":108,"column":12},"end":{"line":108,"column":12},"skip":true},{"start":{"line":108,"column":12},"end":{"line":108,"column":12},"skip":true}]},"14":{"line":108,"type":"binary-expr","locations":[{"start":{"line":108,"column":16},"end":{"line":108,"column":61},"skip":true},{"start":{"line":108,"column":66},"end":{"line":108,"column":72},"skip":true},{"start":{"line":108,"column":77},"end":{"line":108,"column":82},"skip":true},{"start":{"line":109,"column":20},"end":{"line":109,"column":39},"skip":true},{"start":{"line":110,"column":20},"end":{"line":110,"column":49},"skip":true},{"start":{"line":111,"column":20},"end":{"line":111,"column":58},"skip":true},{"start":{"line":112,"column":20},"end":{"line":112,"column":68},"skip":true}]},"15":{"line":129,"type":"if","locations":[{"start":{"line":129,"column":16},"end":{"line":129,"column":16},"skip":true},{"start":{"line":129,"column":16},"end":{"line":129,"column":16},"skip":true}]},"16":{"line":134,"type":"cond-expr","locations":[{"start":{"line":135,"column":26},"end":{"line":135,"column":29},"skip":true},{"start":{"line":136,"column":26},"end":{"line":136,"column":54},"skip":true}]},"17":{"line":164,"type":"binary-expr","locations":[{"start":{"line":164,"column":27},"end":{"line":164,"column":43},"skip":true},{"start":{"line":164,"column":47},"end":{"line":164,"column":49},"skip":true}]},"18":{"line":258,"type":"if","locations":[{"start":{"line":258,"column":8},"end":{"line":258,"column":8},"skip":true},{"start":{"line":258,"column":8},"end":{"line":258,"column":8},"skip":true}]},"19":{"line":275,"type":"switch","locations":[{"start":{"line":276,"column":20},"end":{"line":277,"column":64},"skip":true},{"start":{"line":278,"column":20},"end":{"line":279,"column":40},"skip":true},{"start":{"line":280,"column":20},"end":{"line":281,"column":40},"skip":true},{"start":{"line":282,"column":20},"end":{"line":283,"column":39},"skip":true}]},"20":{"line":288,"type":"if","locations":[{"start":{"line":288,"column":8},"end":{"line":288,"column":8},"skip":true},{"start":{"line":288,"column":8},"end":{"line":288,"column":8},"skip":true}]},"21":{"line":288,"type":"binary-expr","locations":[{"start":{"line":288,"column":12},"end":{"line":288,"column":40},"skip":true},{"start":{"line":288,"column":44},"end":{"line":288,"column":67},"skip":true}]},"22":{"line":292,"type":"binary-expr","locations":[{"start":{"line":292,"column":12},"end":{"line":292,"column":50},"skip":true},{"start":{"line":293,"column":12},"end":{"line":293,"column":53},"skip":true}]},"23":{"line":297,"type":"binary-expr","locations":[{"start":{"line":297,"column":12},"end":{"line":297,"column":66},"skip":true},{"start":{"line":298,"column":12},"end":{"line":301,"column":36},"skip":true}]},"24":{"line":303,"type":"binary-expr","locations":[{"start":{"line":303,"column":43},"end":{"line":303,"column":75},"skip":true},{"start":{"line":303,"column":79},"end":{"line":303,"column":81},"skip":true}]},"25":{"line":306,"type":"if","locations":[{"start":{"line":306,"column":8},"end":{"line":306,"column":8},"skip":true},{"start":{"line":306,"column":8},"end":{"line":306,"column":8},"skip":true}]},"26":{"line":310,"type":"if","locations":[{"start":{"line":310,"column":8},"end":{"line":310,"column":8},"skip":true},{"start":{"line":310,"column":8},"end":{"line":310,"column":8},"skip":true}]},"27":{"line":313,"type":"binary-expr","locations":[{"start":{"line":313,"column":27},"end":{"line":313,"column":43},"skip":true},{"start":{"line":313,"column":47},"end":{"line":313,"column":53},"skip":true}]},"28":{"line":317,"type":"if","locations":[{"start":{"line":317,"column":12},"end":{"line":317,"column":12},"skip":true},{"start":{"line":317,"column":12},"end":{"line":317,"column":12},"skip":true}]}},"code":["/*","example.js","","quickstart example","","instruction","    1. save this script as example.js","    2. run the shell command:","        $ npm install npmtest-huntsman && PORT=8081 node example.js","    3. play with the browser-demo on http://127.0.0.1:8081","*/","","","","/* istanbul instrument in package npmtest_huntsman */","/*jslint","    bitwise: true,","    browser: true,","    maxerr: 8,","    maxlen: 96,","    node: true,","    nomen: true,","    regexp: true,","    stupid: true","*/","(function () {","    'use strict';","    var local;","","","","    // run shared js-env code - pre-init","    (function () {","        // init local","        local = {};","        // init modeJs","        local.modeJs = (function () {","            try {","                return typeof navigator.userAgent === 'string' &&","                    typeof document.querySelector('body') === 'object' &&","                    typeof XMLHttpRequest.prototype.open === 'function' &&","                    'browser';","            } catch (errorCaughtBrowser) {","                return module.exports &&","                    typeof process.versions.node === 'string' &&","                    typeof require('http').createServer === 'function' &&","                    'node';","            }","        }());","        // init global","        local.global = local.modeJs === 'browser'","            ? window","            : global;","        // init utility2_rollup","        local = local.global.utility2_rollup || (local.modeJs === 'browser'","            ? local.global.utility2_npmtest_huntsman","            : global.utility2_moduleExports);","        // export local","        local.global.local = local;","    }());","    switch (local.modeJs) {","","","","    // post-init","    // run browser js-env code - post-init","    /* istanbul ignore next */","    case 'browser':","        local.testRunBrowser = function (event) {","            if (!event || (event &&","                    event.currentTarget &&","                    event.currentTarget.className &&","                    event.currentTarget.className.includes &&","                    event.currentTarget.className.includes('onreset'))) {","                // reset output","                Array.from(","                    document.querySelectorAll('body > .resettable')","                ).forEach(function (element) {","                    switch (element.tagName) {","                    case 'INPUT':","                    case 'TEXTAREA':","                        element.value = '';","                        break;","                    default:","                        element.textContent = '';","                    }","                });","            }","            switch (event && event.currentTarget && event.currentTarget.id) {","            case 'testRunButton1':","                // show tests","                if (document.querySelector('#testReportDiv1').style.display === 'none') {","                    document.querySelector('#testReportDiv1').style.display = 'block';","                    document.querySelector('#testRunButton1').textContent =","                        'hide internal test';","                    local.modeTest = true;","                    local.testRunDefault(local);","                // hide tests","                } else {","                    document.querySelector('#testReportDiv1').style.display = 'none';","                    document.querySelector('#testRunButton1').textContent = 'run internal test';","                }","                break;","            // custom-case","            default:","                break;","            }","            if (document.querySelector('#inputTextareaEval1') && (!event || (event &&","                    event.currentTarget &&","                    event.currentTarget.className &&","                    event.currentTarget.className.includes &&","                    event.currentTarget.className.includes('oneval')))) {","                // try to eval input-code","                try {","                    /*jslint evil: true*/","                    eval(document.querySelector('#inputTextareaEval1').value);","                } catch (errorCaught) {","                    console.error(errorCaught);","                }","            }","        };","        // log stderr and stdout to #outputTextareaStdout1","        ['error', 'log'].forEach(function (key) {","            console[key + '_original'] = console[key];","            console[key] = function () {","                var element;","                console[key + '_original'].apply(console, arguments);","                element = document.querySelector('#outputTextareaStdout1');","                if (!element) {","                    return;","                }","                // append text to #outputTextareaStdout1","                element.value += Array.from(arguments).map(function (arg) {","                    return typeof arg === 'string'","                        ? arg","                        : JSON.stringify(arg, null, 4);","                }).join(' ') + '\\n';","                // scroll textarea to bottom","                element.scrollTop = element.scrollHeight;","            };","        });","        // init event-handling","        ['change', 'click', 'keyup'].forEach(function (event) {","            Array.from(document.querySelectorAll('.on' + event)).forEach(function (element) {","                element.addEventListener(event, local.testRunBrowser);","            });","        });","        // run tests","        local.testRunBrowser();","        break;","","","","    // run node js-env code - post-init","    /* istanbul ignore next */","    case 'node':","        // export local","        module.exports = local;","        // require modules","        local.fs = require('fs');","        local.http = require('http');","        local.url = require('url');","        // init assets","        local.assetsDict = local.assetsDict || {};","        /* jslint-ignore-begin */","        local.assetsDict['/assets.index.template.html'] = '\\","<!doctype html>\\n\\","<html lang=\"en\">\\n\\","<head>\\n\\","<meta charset=\"UTF-8\">\\n\\","<meta name=\"viewport\" content=\"width=device-width, initial-scale=1\">\\n\\","<title>{{env.npm_package_name}} (v{{env.npm_package_version}})</title>\\n\\","<style>\\n\\","/*csslint\\n\\","    box-sizing: false,\\n\\","    universal-selector: false\\n\\","*/\\n\\","* {\\n\\","    box-sizing: border-box;\\n\\","}\\n\\","body {\\n\\","    background: #dde;\\n\\","    font-family: Arial, Helvetica, sans-serif;\\n\\","    margin: 2rem;\\n\\","}\\n\\","body > * {\\n\\","    margin-bottom: 1rem;\\n\\","}\\n\\",".utility2FooterDiv {\\n\\","    margin-top: 20px;\\n\\","    text-align: center;\\n\\","}\\n\\","</style>\\n\\","<style>\\n\\","/*csslint\\n\\","*/\\n\\","textarea {\\n\\","    font-family: monospace;\\n\\","    height: 10rem;\\n\\","    width: 100%;\\n\\","}\\n\\","textarea[readonly] {\\n\\","    background: #ddd;\\n\\","}\\n\\","</style>\\n\\","</head>\\n\\","<body>\\n\\","<!-- utility2-comment\\n\\","<div id=\"ajaxProgressDiv1\" style=\"background: #d00; height: 2px; left: 0; margin: 0; padding: 0; position: fixed; top: 0; transition: background 0.5s, width 1.5s; width: 25%;\"></div>\\n\\","utility2-comment -->\\n\\","<h1>\\n\\","<!-- utility2-comment\\n\\","    <a\\n\\","        {{#if env.npm_package_homepage}}\\n\\","        href=\"{{env.npm_package_homepage}}\"\\n\\","        {{/if env.npm_package_homepage}}\\n\\","        target=\"_blank\"\\n\\","    >\\n\\","utility2-comment -->\\n\\","        {{env.npm_package_name}} (v{{env.npm_package_version}})\\n\\","<!-- utility2-comment\\n\\","    </a>\\n\\","utility2-comment -->\\n\\","</h1>\\n\\","<h3>{{env.npm_package_description}}</h3>\\n\\","<!-- utility2-comment\\n\\","<h4><a download href=\"assets.app.js\">download standalone app</a></h4>\\n\\","<button class=\"onclick onreset\" id=\"testRunButton1\">run internal test</button><br>\\n\\","<div id=\"testReportDiv1\" style=\"display: none;\"></div>\\n\\","utility2-comment -->\\n\\","\\n\\","\\n\\","\\n\\","<label>stderr and stdout</label>\\n\\","<textarea class=\"resettable\" id=\"outputTextareaStdout1\" readonly></textarea>\\n\\","<!-- utility2-comment\\n\\","{{#if isRollup}}\\n\\","<script src=\"assets.app.js\"></script>\\n\\","{{#unless isRollup}}\\n\\","utility2-comment -->\\n\\","<script src=\"assets.utility2.rollup.js\"></script>\\n\\","<script src=\"jsonp.utility2._stateInit?callback=window.utility2._stateInit\"></script>\\n\\","<script src=\"assets.npmtest_huntsman.rollup.js\"></script>\\n\\","<script src=\"assets.example.js\"></script>\\n\\","<script src=\"assets.test.js\"></script>\\n\\","<!-- utility2-comment\\n\\","{{/if isRollup}}\\n\\","utility2-comment -->\\n\\","<div class=\"utility2FooterDiv\">\\n\\","    [ this app was created with\\n\\","    <a href=\"https://github.com/kaizhu256/node-utility2\" target=\"_blank\">utility2</a>\\n\\","    ]\\n\\","</div>\\n\\","</body>\\n\\","</html>\\n\\","';","        /* jslint-ignore-end */","        if (local.templateRender) {","            local.assetsDict['/'] = local.templateRender(","                local.assetsDict['/assets.index.template.html'],","                {","                    env: local.objectSetDefault(local.env, {","                        npm_package_description: 'the greatest app in the world!',","                        npm_package_name: 'my-app',","                        npm_package_nameAlias: 'my_app',","                        npm_package_version: '0.0.1'","                    })","                }","            );","        } else {","            local.assetsDict['/'] = local.assetsDict['/assets.index.template.html']","                .replace((/\\{\\{env\\.(\\w+?)\\}\\}/g), function (match0, match1) {","                    // jslint-hack","                    String(match0);","                    switch (match1) {","                    case 'npm_package_description':","                        return 'the greatest app in the world!';","                    case 'npm_package_name':","                        return 'my-app';","                    case 'npm_package_nameAlias':","                        return 'my_app';","                    case 'npm_package_version':","                        return '0.0.1';","                    }","                });","        }","        // run the cli","        if (local.global.utility2_rollup || module !== require.main) {","            break;","        }","        local.assetsDict['/assets.example.js'] =","            local.assetsDict['/assets.example.js'] ||","            local.fs.readFileSync(__filename, 'utf8');","        // bug-workaround - long $npm_package_buildCustomOrg","        /* jslint-ignore-begin */","        local.assetsDict['/assets.npmtest_huntsman.rollup.js'] =","            local.assetsDict['/assets.npmtest_huntsman.rollup.js'] ||","            local.fs.readFileSync(","                local.npmtest_huntsman.__dirname + '/lib.npmtest_huntsman.js',","                'utf8'","            ).replace((/^#!/), '//');","        /* jslint-ignore-end */","        local.assetsDict['/favicon.ico'] = local.assetsDict['/favicon.ico'] || '';","        // if $npm_config_timeout_exit exists,","        // then exit this process after $npm_config_timeout_exit ms","        if (Number(process.env.npm_config_timeout_exit)) {","            setTimeout(process.exit, Number(process.env.npm_config_timeout_exit));","        }","        // start server","        if (local.global.utility2_serverHttp1) {","            break;","        }","        process.env.PORT = process.env.PORT || '8081';","        console.error('server starting on port ' + process.env.PORT);","        local.http.createServer(function (request, response) {","            request.urlParsed = local.url.parse(request.url);","            if (local.assetsDict[request.urlParsed.pathname] !== undefined) {","                response.end(local.assetsDict[request.urlParsed.pathname]);","                return;","            }","            response.statusCode = 404;","            response.end();","        }).listen(process.env.PORT);","        break;","    }","}());",""],"l":{"26":2,"28":2,"33":2,"35":2,"37":2,"38":2,"39":2,"44":1,"51":2,"55":2,"59":2,"61":2,"69":1,"70":2,"76":2,"79":2,"82":2,"83":2,"85":1,"89":2,"92":1,"93":1,"94":1,"96":1,"97":1,"100":1,"101":1,"103":1,"106":1,"108":2,"114":1,"116":1,"118":1,"123":1,"124":2,"125":2,"126":3,"127":3,"128":3,"129":3,"130":1,"133":3,"134":3,"139":3,"143":1,"144":3,"145":1,"149":1,"150":1,"158":1,"160":1,"161":1,"162":1,"164":1,"166":1,"258":1,"259":1,"271":1,"274":6,"275":6,"277":1,"279":2,"281":1,"283":2,"288":1,"289":1,"291":1,"296":1,"303":1,"306":1,"307":1,"310":1,"311":1,"313":1,"314":1,"315":1,"316":1,"317":1,"318":1,"319":1,"321":1,"322":1,"324":1}},"/home/travis/build/npmtest/node-npmtest-huntsman/node_modules/huntsman/index.js":{"path":"/home/travis/build/npmtest/node-npmtest-huntsman/node_modules/huntsman/index.js","s":{"1":1,"2":3,"3":0,"4":0,"5":0,"6":1},"b":{},"f":{"1":3,"2":0},"fnMap":{"1":{"name":"loadModule","line":2,"loc":{"start":{"line":2,"column":0},"end":{"line":2,"column":26}}},"2":{"name":"(anonymous_2)","line":3,"loc":{"start":{"line":3,"column":9},"end":{"line":3,"column":19}}}},"statementMap":{"1":{"start":{"line":2,"column":0},"end":{"line":8,"column":1}},"2":{"start":{"line":3,"column":2},"end":{"line":7,"column":4}},"3":{"start":{"line":4,"column":4},"end":{"line":4,"column":58}},"4":{"start":{"line":5,"column":4},"end":{"line":5,"column":64}},"5":{"start":{"line":6,"column":4},"end":{"line":6,"column":40}},"6":{"start":{"line":10,"column":0},"end":{"line":15,"column":2}}},"branchMap":{},"code":["","function loadModule( mod ){","  return function(){","    var args = Array.prototype.slice.call( arguments, 0 );","    var module = require( './lib/' + mod + '/' + args.shift() );","    return module.apply( module, args );","  };","}","","module.exports = {","  spider: require( './lib/huntsman' ),","  proxy: loadModule( 'proxy' ),","  extension: loadModule( 'extension' ),","  storage: loadModule( 'storage' )","};"],"l":{"2":1,"3":3,"4":0,"5":0,"6":0,"10":1}},"/home/travis/build/npmtest/node-npmtest-huntsman/node_modules/huntsman/lib/huntsman.js":{"path":"/home/travis/build/npmtest/node-npmtest-huntsman/node_modules/huntsman/lib/huntsman.js","s":{"1":1,"2":1,"3":1,"4":0,"5":0,"6":0,"7":0,"8":0,"9":0,"10":0,"11":0,"12":0,"13":0,"14":0,"15":0,"16":0,"17":0,"18":0,"19":0,"20":0,"21":0,"22":0,"23":0,"24":0,"25":0,"26":0,"27":0,"28":0,"29":0,"30":0,"31":0,"32":0,"33":0,"34":0,"35":0,"36":0,"37":0,"38":0,"39":0,"40":0,"41":0,"42":0,"43":0,"44":0,"45":0,"46":0,"47":0,"48":0,"49":0,"50":0,"51":0},"b":{"1":[0,0],"2":[0,0],"3":[0,0],"4":[0,0],"5":[0,0],"6":[0,0],"7":[0,0],"8":[0,0],"9":[0,0],"10":[0,0],"11":[0,0],"12":[0,0],"13":[0,0],"14":[0,0]},"f":{"1":0,"2":0,"3":0,"4":0,"5":0,"6":0,"7":0,"8":0,"9":0,"10":0,"11":0,"12":0,"13":0},"fnMap":{"1":{"name":"(anonymous_1)","line":14,"loc":{"start":{"line":14,"column":17},"end":{"line":14,"column":36}}},"2":{"name":"(anonymous_2)","line":20,"loc":{"start":{"line":20,"column":16},"end":{"line":20,"column":37}}},"3":{"name":"(anonymous_3)","line":21,"loc":{"start":{"line":21,"column":55},"end":{"line":21,"column":65}}},"4":{"name":"(anonymous_4)","line":30,"loc":{"start":{"line":30,"column":18},"end":{"line":30,"column":28}}},"5":{"name":"(anonymous_5)","line":34,"loc":{"start":{"line":34,"column":36},"end":{"line":34,"column":56}}},"6":{"name":"(anonymous_6)","line":37,"loc":{"start":{"line":37,"column":45},"end":{"line":37,"column":66}}},"7":{"name":"(anonymous_7)","line":39,"loc":{"start":{"line":39,"column":8},"end":{"line":39,"column":32}}},"8":{"name":"(anonymous_8)","line":43,"loc":{"start":{"line":43,"column":25},"end":{"line":43,"column":43}}},"9":{"name":"(anonymous_9)","line":51,"loc":{"start":{"line":51,"column":18},"end":{"line":51,"column":36}}},"10":{"name":"(anonymous_10)","line":55,"loc":{"start":{"line":55,"column":29},"end":{"line":55,"column":49}}},"11":{"name":"(anonymous_11)","line":65,"loc":{"start":{"line":65,"column":18},"end":{"line":65,"column":36}}},"12":{"name":"(anonymous_12)","line":71,"loc":{"start":{"line":71,"column":18},"end":{"line":71,"column":28}}},"13":{"name":"(anonymous_13)","line":77,"loc":{"start":{"line":77,"column":19},"end":{"line":77,"column":29}}}},"statementMap":{"1":{"start":{"line":2,"column":0},"end":{"line":2,"column":29}},"2":{"start":{"line":3,"column":0},"end":{"line":3,"column":43}},"3":{"start":{"line":14,"column":0},"end":{"line":84,"column":2}},"4":{"start":{"line":16,"column":2},"end":{"line":16,"column":36}},"5":{"start":{"line":20,"column":2},"end":{"line":22,"column":3}},"6":{"start":{"line":21,"column":4},"end":{"line":21,"column":70}},"7":{"start":{"line":24,"column":2},"end":{"line":24,"column":35}},"8":{"start":{"line":25,"column":2},"end":{"line":25,"column":62}},"9":{"start":{"line":26,"column":2},"end":{"line":26,"column":62}},"10":{"start":{"line":27,"column":2},"end":{"line":27,"column":77}},"11":{"start":{"line":28,"column":2},"end":{"line":28,"column":72}},"12":{"start":{"line":29,"column":2},"end":{"line":29,"column":27}},"13":{"start":{"line":30,"column":2},"end":{"line":30,"column":31}},"14":{"start":{"line":31,"column":2},"end":{"line":31,"column":69}},"15":{"start":{"line":34,"column":2},"end":{"line":49,"column":5}},"16":{"start":{"line":35,"column":4},"end":{"line":35,"column":89}},"17":{"start":{"line":35,"column":14},"end":{"line":35,"column":89}},"18":{"start":{"line":36,"column":4},"end":{"line":36,"column":44}},"19":{"start":{"line":37,"column":4},"end":{"line":48,"column":7}},"20":{"start":{"line":38,"column":6},"end":{"line":38,"column":58}},"21":{"start":{"line":40,"column":6},"end":{"line":40,"column":92}},"22":{"start":{"line":40,"column":16},"end":{"line":40,"column":92}},"23":{"start":{"line":41,"column":6},"end":{"line":41,"column":25}},"24":{"start":{"line":42,"column":6},"end":{"line":46,"column":7}},"25":{"start":{"line":43,"column":8},"end":{"line":45,"column":11}},"26":{"start":{"line":44,"column":10},"end":{"line":44,"column":75}},"27":{"start":{"line":44,"column":36},"end":{"line":44,"column":73}},"28":{"start":{"line":47,"column":6},"end":{"line":47,"column":56}},"29":{"start":{"line":51,"column":2},"end":{"line":63,"column":4}},"30":{"start":{"line":52,"column":4},"end":{"line":52,"column":37}},"31":{"start":{"line":53,"column":4},"end":{"line":62,"column":5}},"32":{"start":{"line":54,"column":6},"end":{"line":59,"column":74}},"33":{"start":{"line":55,"column":8},"end":{"line":57,"column":11}},"34":{"start":{"line":56,"column":10},"end":{"line":56,"column":57}},"35":{"start":{"line":59,"column":11},"end":{"line":59,"column":74}},"36":{"start":{"line":60,"column":11},"end":{"line":62,"column":5}},"37":{"start":{"line":61,"column":6},"end":{"line":61,"column":22}},"38":{"start":{"line":65,"column":2},"end":{"line":69,"column":4}},"39":{"start":{"line":66,"column":4},"end":{"line":66,"column":20}},"40":{"start":{"line":67,"column":4},"end":{"line":67,"column":41}},"41":{"start":{"line":68,"column":4},"end":{"line":68,"column":50}},"42":{"start":{"line":71,"column":2},"end":{"line":75,"column":4}},"43":{"start":{"line":72,"column":4},"end":{"line":72,"column":35}},"44":{"start":{"line":73,"column":4},"end":{"line":73,"column":35}},"45":{"start":{"line":74,"column":4},"end":{"line":74,"column":37}},"46":{"start":{"line":77,"column":2},"end":{"line":81,"column":4}},"47":{"start":{"line":78,"column":4},"end":{"line":78,"column":81}},"48":{"start":{"line":78,"column":39},"end":{"line":78,"column":81}},"49":{"start":{"line":79,"column":4},"end":{"line":79,"column":83}},"50":{"start":{"line":80,"column":4},"end":{"line":80,"column":26}},"51":{"start":{"line":83,"column":2},"end":{"line":83,"column":18}}},"branchMap":{"1":{"line":21,"type":"binary-expr","locations":[{"start":{"line":21,"column":49},"end":{"line":21,"column":51}},{"start":{"line":21,"column":55},"end":{"line":21,"column":67}}]},"2":{"line":24,"type":"binary-expr","locations":[{"start":{"line":24,"column":21},"end":{"line":24,"column":28}},{"start":{"line":24,"column":32},"end":{"line":24,"column":34}}]},"3":{"line":25,"type":"binary-expr","locations":[{"start":{"line":25,"column":30},"end":{"line":25,"column":55}},{"start":{"line":25,"column":59},"end":{"line":25,"column":61}}]},"4":{"line":26,"type":"binary-expr","locations":[{"start":{"line":26,"column":29},"end":{"line":26,"column":53}},{"start":{"line":26,"column":57},"end":{"line":26,"column":61}}]},"5":{"line":27,"type":"binary-expr","locations":[{"start":{"line":27,"column":19},"end":{"line":27,"column":41}},{"start":{"line":27,"column":45},"end":{"line":27,"column":76}}]},"6":{"line":28,"type":"binary-expr","locations":[{"start":{"line":28,"column":19},"end":{"line":28,"column":41}},{"start":{"line":28,"column":45},"end":{"line":28,"column":71}}]},"7":{"line":35,"type":"if","locations":[{"start":{"line":35,"column":4},"end":{"line":35,"column":4}},{"start":{"line":35,"column":4},"end":{"line":35,"column":4}}]},"8":{"line":40,"type":"if","locations":[{"start":{"line":40,"column":6},"end":{"line":40,"column":6}},{"start":{"line":40,"column":6},"end":{"line":40,"column":6}}]},"9":{"line":42,"type":"if","locations":[{"start":{"line":42,"column":6},"end":{"line":42,"column":6}},{"start":{"line":42,"column":6},"end":{"line":42,"column":6}}]},"10":{"line":53,"type":"if","locations":[{"start":{"line":53,"column":4},"end":{"line":53,"column":4}},{"start":{"line":53,"column":4},"end":{"line":53,"column":4}}]},"11":{"line":54,"type":"if","locations":[{"start":{"line":54,"column":6},"end":{"line":54,"column":6}},{"start":{"line":54,"column":6},"end":{"line":54,"column":6}}]},"12":{"line":54,"type":"binary-expr","locations":[{"start":{"line":54,"column":10},"end":{"line":54,"column":25}},{"start":{"line":54,"column":29},"end":{"line":54,"column":50}}]},"13":{"line":60,"type":"if","locations":[{"start":{"line":60,"column":11},"end":{"line":60,"column":11}},{"start":{"line":60,"column":11},"end":{"line":60,"column":11}}]},"14":{"line":78,"type":"if","locations":[{"start":{"line":78,"column":4},"end":{"line":78,"column":4}},{"start":{"line":78,"column":4},"end":{"line":78,"column":4}}]}},"code":["","var async = require('async');","var EventEmitter = require('regexemitter');","","// # Alternatives","// # https://github.com/sylvinus/node-crawler/blob/master/lib/crawler.js","// # https://github.com/cgiffard/node-simplecrawler/blob/master/lib/crawler.js","","// # TODO:","// tests for extensions","// TTL for storage","// Persistent queue examples","","module.exports = function( options ){","","  var huntsman = new EventEmitter();","","  // Allow undefined callbacks","  // @todo add unit test for this","  huntsman.on = function( event, cb ){","    EventEmitter.prototype.on.call( this, event, cb || function(){} );","  }","","  huntsman.options = options || {};","  huntsman.options.throttle = huntsman.options.throttle || 10;","  huntsman.options.timeout = huntsman.options.timeout || 5000;","  huntsman.proxy = huntsman.options.proxy || new (require('./proxy/http'))();","  huntsman.queue = huntsman.options.queue || new (require('./Queue'))();","  huntsman.extensions = [];","  huntsman.loop = function(){};","  huntsman.updated = new Date().getTime() + huntsman.options.timeout;","","  // Extensions","  huntsman.on( 'HUNTSMAN_RESPONSE', function( err, res ){","    if( err ) huntsman.emit( 'HUNTSMAN_ERROR', 'response error' + err.toString('utf8') );","    huntsman.updated = new Date().getTime();","    async.parallel( huntsman.extensions.map( function( extension ){","      return async.apply( extension, huntsman, err, res );","    }), function( err, results ){","      if( err ) huntsman.emit( 'HUNTSMAN_ERROR', 'extension error' + err.toString('utf8') );","      res.extension = {};","      if( Array.isArray( results ) ){","        results.forEach( function( result ){","          for( var key in result ){ res.extension[ key ] = result[ key ]; }","        });","      }","      huntsman.emit.call( huntsman, res.uri, err, res );","    });","  });","","  huntsman.next = function( isSeed ){","    var uri = huntsman.queue.shift();","    if( 'string' === typeof( uri ) ){","      if( true === isSeed || huntsman.match( uri ) ){","        huntsman.proxy( uri, function( err, res ){","          huntsman.emit( 'HUNTSMAN_RESPONSE', err, res );","        });","      }","      else console.log( '[skip] uri cannot be matched to callback', uri );","    } else if (( new Date().getTime() - huntsman.options.timeout ) > huntsman.updated ){","      huntsman.stop();","    }","  };","","  huntsman.wait = function( waitms ){","    huntsman.stop();","    setTimeout( huntsman.start, waitms );","    console.error( 'waiting: ' + waitms + ' ms' );","  };","","  huntsman.stop = function(){","    console.error( 'spider stop' );","    clearInterval( huntsman.loop );","    huntsman.emit( 'HUNTSMAN_EXIT' );","  };","","  huntsman.start = function(){","    if( huntsman.queue.count() === 0 ) return console.error( 'no uri in queue' );","    huntsman.loop = setInterval( huntsman.next, 1000 / huntsman.options.throttle );","    huntsman.next( true );","  };","","  return huntsman;","};",""],"l":{"2":1,"3":1,"14":1,"16":0,"20":0,"21":0,"24":0,"25":0,"26":0,"27":0,"28":0,"29":0,"30":0,"31":0,"34":0,"35":0,"36":0,"37":0,"38":0,"40":0,"41":0,"42":0,"43":0,"44":0,"47":0,"51":0,"52":0,"53":0,"54":0,"55":0,"56":0,"59":0,"60":0,"61":0,"65":0,"66":0,"67":0,"68":0,"71":0,"72":0,"73":0,"74":0,"77":0,"78":0,"79":0,"80":0,"83":0}},"/home/travis/build/npmtest/node-npmtest-huntsman/node_modules/huntsman/lib/link.js":{"path":"/home/travis/build/npmtest/node-npmtest-huntsman/node_modules/huntsman/lib/link.js","s":{"1":1,"2":1,"3":1,"4":0,"5":0,"6":0,"7":1,"8":0,"9":0,"10":0,"11":1,"12":0,"13":0,"14":0,"15":0,"16":0,"17":0,"18":0,"19":0,"20":0,"21":0,"22":0,"23":0,"24":0,"25":0,"26":0,"27":0,"28":0,"29":0,"30":0,"31":0,"32":0,"33":0,"34":0,"35":0,"36":0,"37":0,"38":0,"39":0,"40":0,"41":0,"42":0,"43":0,"44":0,"45":0},"b":{"1":[0,0],"2":[0,0],"3":[0,0],"4":[0,0],"5":[0,0],"6":[0,0],"7":[0,0],"8":[0,0],"9":[0,0],"10":[0,0],"11":[0,0],"12":[0,0],"13":[0,0],"14":[0,0],"15":[0,0],"16":[0,0],"17":[0,0],"18":[0,0]},"f":{"1":0,"2":0,"3":0,"4":0,"5":0,"6":0,"7":0,"8":0},"fnMap":{"1":{"name":"(anonymous_1)","line":11,"loc":{"start":{"line":11,"column":26},"end":{"line":11,"column":51}}},"2":{"name":"(anonymous_2)","line":17,"loc":{"start":{"line":17,"column":28},"end":{"line":17,"column":44}}},"3":{"name":"(anonymous_3)","line":24,"loc":{"start":{"line":24,"column":27},"end":{"line":24,"column":58}}},"4":{"name":"(anonymous_4)","line":41,"loc":{"start":{"line":41,"column":56},"end":{"line":41,"column":72}}},"5":{"name":"(anonymous_5)","line":48,"loc":{"start":{"line":48,"column":23},"end":{"line":48,"column":39}}},"6":{"name":"(anonymous_6)","line":55,"loc":{"start":{"line":55,"column":23},"end":{"line":55,"column":39}}},"7":{"name":"(anonymous_7)","line":62,"loc":{"start":{"line":62,"column":26},"end":{"line":62,"column":42}}},"8":{"name":"(anonymous_8)","line":69,"loc":{"start":{"line":69,"column":26},"end":{"line":69,"column":51}}}},"statementMap":{"1":{"start":{"line":2,"column":0},"end":{"line":2,"column":37}},"2":{"start":{"line":4,"column":0},"end":{"line":8,"column":2}},"3":{"start":{"line":11,"column":0},"end":{"line":14,"column":2}},"4":{"start":{"line":12,"column":2},"end":{"line":12,"column":84}},"5":{"start":{"line":12,"column":51},"end":{"line":12,"column":84}},"6":{"start":{"line":13,"column":2},"end":{"line":13,"column":49}},"7":{"start":{"line":17,"column":0},"end":{"line":22,"column":2}},"8":{"start":{"line":18,"column":2},"end":{"line":18,"column":84}},"9":{"start":{"line":18,"column":51},"end":{"line":18,"column":84}},"10":{"start":{"line":19,"column":2},"end":{"line":21,"column":34}},"11":{"start":{"line":24,"column":0},"end":{"line":75,"column":2}},"12":{"start":{"line":26,"column":2},"end":{"line":26,"column":17}},"13":{"start":{"line":29,"column":2},"end":{"line":29,"column":30}},"14":{"start":{"line":29,"column":17},"end":{"line":29,"column":30}},"15":{"start":{"line":30,"column":2},"end":{"line":30,"column":46}},"16":{"start":{"line":30,"column":25},"end":{"line":30,"column":46}},"17":{"start":{"line":31,"column":2},"end":{"line":31,"column":72}},"18":{"start":{"line":31,"column":32},"end":{"line":31,"column":72}},"19":{"start":{"line":32,"column":2},"end":{"line":32,"column":72}},"20":{"start":{"line":32,"column":32},"end":{"line":32,"column":72}},"21":{"start":{"line":33,"column":2},"end":{"line":33,"column":72}},"22":{"start":{"line":33,"column":32},"end":{"line":33,"column":72}},"23":{"start":{"line":34,"column":2},"end":{"line":34,"column":69}},"24":{"start":{"line":34,"column":26},"end":{"line":34,"column":69}},"25":{"start":{"line":35,"column":2},"end":{"line":35,"column":75}},"26":{"start":{"line":35,"column":28},"end":{"line":35,"column":75}},"27":{"start":{"line":36,"column":2},"end":{"line":36,"column":66}},"28":{"start":{"line":36,"column":44},"end":{"line":36,"column":66}},"29":{"start":{"line":39,"column":2},"end":{"line":39,"column":53}},"30":{"start":{"line":40,"column":2},"end":{"line":44,"column":3}},"31":{"start":{"line":41,"column":4},"end":{"line":43,"column":8}},"32":{"start":{"line":42,"column":6},"end":{"line":42,"column":53}},"33":{"start":{"line":47,"column":2},"end":{"line":51,"column":3}},"34":{"start":{"line":48,"column":4},"end":{"line":50,"column":7}},"35":{"start":{"line":49,"column":6},"end":{"line":49,"column":43}},"36":{"start":{"line":54,"column":2},"end":{"line":58,"column":3}},"37":{"start":{"line":55,"column":4},"end":{"line":57,"column":7}},"38":{"start":{"line":56,"column":6},"end":{"line":56,"column":40}},"39":{"start":{"line":61,"column":2},"end":{"line":65,"column":3}},"40":{"start":{"line":62,"column":4},"end":{"line":64,"column":7}},"41":{"start":{"line":63,"column":6},"end":{"line":63,"column":50}},"42":{"start":{"line":68,"column":2},"end":{"line":72,"column":3}},"43":{"start":{"line":69,"column":4},"end":{"line":71,"column":7}},"44":{"start":{"line":70,"column":6},"end":{"line":70,"column":46}},"45":{"start":{"line":74,"column":2},"end":{"line":74,"column":15}}},"branchMap":{"1":{"line":12,"type":"if","locations":[{"start":{"line":12,"column":2},"end":{"line":12,"column":2}},{"start":{"line":12,"column":2},"end":{"line":12,"column":2}}]},"2":{"line":12,"type":"binary-expr","locations":[{"start":{"line":12,"column":8},"end":{"line":12,"column":31}},{"start":{"line":12,"column":37},"end":{"line":12,"column":48}}]},"3":{"line":13,"type":"cond-expr","locations":[{"start":{"line":13,"column":19},"end":{"line":13,"column":42}},{"start":{"line":13,"column":45},"end":{"line":13,"column":48}}]},"4":{"line":18,"type":"if","locations":[{"start":{"line":18,"column":2},"end":{"line":18,"column":2}},{"start":{"line":18,"column":2},"end":{"line":18,"column":2}}]},"5":{"line":18,"type":"binary-expr","locations":[{"start":{"line":18,"column":8},"end":{"line":18,"column":31}},{"start":{"line":18,"column":37},"end":{"line":18,"column":48}}]},"6":{"line":29,"type":"if","locations":[{"start":{"line":29,"column":2},"end":{"line":29,"column":2}},{"start":{"line":29,"column":2},"end":{"line":29,"column":2}}]},"7":{"line":30,"type":"if","locations":[{"start":{"line":30,"column":2},"end":{"line":30,"column":2}},{"start":{"line":30,"column":2},"end":{"line":30,"column":2}}]},"8":{"line":31,"type":"if","locations":[{"start":{"line":31,"column":2},"end":{"line":31,"column":2}},{"start":{"line":31,"column":2},"end":{"line":31,"column":2}}]},"9":{"line":32,"type":"if","locations":[{"start":{"line":32,"column":2},"end":{"line":32,"column":2}},{"start":{"line":32,"column":2},"end":{"line":32,"column":2}}]},"10":{"line":33,"type":"if","locations":[{"start":{"line":33,"column":2},"end":{"line":33,"column":2}},{"start":{"line":33,"column":2},"end":{"line":33,"column":2}}]},"11":{"line":34,"type":"if","locations":[{"start":{"line":34,"column":2},"end":{"line":34,"column":2}},{"start":{"line":34,"column":2},"end":{"line":34,"column":2}}]},"12":{"line":35,"type":"if","locations":[{"start":{"line":35,"column":2},"end":{"line":35,"column":2}},{"start":{"line":35,"column":2},"end":{"line":35,"column":2}}]},"13":{"line":36,"type":"if","locations":[{"start":{"line":36,"column":2},"end":{"line":36,"column":2}},{"start":{"line":36,"column":2},"end":{"line":36,"column":2}}]},"14":{"line":40,"type":"if","locations":[{"start":{"line":40,"column":2},"end":{"line":40,"column":2}},{"start":{"line":40,"column":2},"end":{"line":40,"column":2}}]},"15":{"line":47,"type":"if","locations":[{"start":{"line":47,"column":2},"end":{"line":47,"column":2}},{"start":{"line":47,"column":2},"end":{"line":47,"column":2}}]},"16":{"line":54,"type":"if","locations":[{"start":{"line":54,"column":2},"end":{"line":54,"column":2}},{"start":{"line":54,"column":2},"end":{"line":54,"column":2}}]},"17":{"line":61,"type":"if","locations":[{"start":{"line":61,"column":2},"end":{"line":61,"column":2}},{"start":{"line":61,"column":2},"end":{"line":61,"column":2}}]},"18":{"line":68,"type":"if","locations":[{"start":{"line":68,"column":2},"end":{"line":68,"column":2}},{"start":{"line":68,"column":2},"end":{"line":68,"column":2}}]}},"code":["","var resolve = require( './resolve' );","","var pattern = {","  search: /a([^>]+)href\\s?=\\s?['\"]([^\"'#]+)/gi,","  refine: /['\"]([^\"'#]+)$/,","  filter: /^https?:\\/\\//","};","","// resolve relative uris","module.exports.resolver = function( uri, baseUri ) {","  if( ( 'string' !== typeof uri ) || !uri.length ) throw new Error( 'invalid uri' );","  return baseUri ? resolve( baseUri, uri ) : uri;","};","","// remove trailing slash","module.exports.normaliser = function( uri ) {","  if( ( 'string' !== typeof uri ) || !uri.length ) throw new Error( 'invalid uri' );","  return uri.replace( '/?', '?' )","            .replace( '/#', '#' )","            .replace( /\\/$/, '' );","};","","module.exports.extractor = function( uri, body, options ) {","","  var links = [];","","  // accept a list of regex patterns to match & allow custom link normaliser","  if( !options ) options = {};","  if( !options.pattern ) options.pattern = {};","  if( !options.pattern.search ) options.pattern.search = pattern.search;","  if( !options.pattern.refine ) options.pattern.refine = pattern.refine;","  if( !options.pattern.filter ) options.pattern.filter = pattern.filter;","  if( !options.resolver ) options.resolver = module.exports.resolver;","  if( !options.normaliser ) options.normaliser = module.exports.normaliser;","  if( 'boolean' !== typeof options.unique ) options.unique = true;","","  // match all patterns and extract links","  var matches = body.match( options.pattern.search );","  if( Array.isArray( matches ) ){","    links = links.concat( matches.filter( String ).map( function( link ){","      return link.match( options.pattern.refine )[1];","    }));","  }","","  // resolve links","  if( options.resolver ){","    links = links.map( function( link ){","      return options.resolver( link, uri );","    });","  }","","  // normalise links","  if( options.normaliser ){","    links = links.map( function( link ){","      return options.normaliser( link );","    });","  }","","  // filter domains","  if( options.pattern.filter ){","    links = links.filter( function( link ){","      return link.match( options.pattern.filter );","    });","  }","","  // remove duplicates","  if( options.unique ){","    links = links.filter( function( value, index ) {","      return links.indexOf( value ) === index;","    });","  }","","  return links;","};"],"l":{"2":1,"4":1,"11":1,"12":0,"13":0,"17":1,"18":0,"19":0,"24":1,"26":0,"29":0,"30":0,"31":0,"32":0,"33":0,"34":0,"35":0,"36":0,"39":0,"40":0,"41":0,"42":0,"47":0,"48":0,"49":0,"54":0,"55":0,"56":0,"61":0,"62":0,"63":0,"68":0,"69":0,"70":0,"74":0}},"/home/travis/build/npmtest/node-npmtest-huntsman/node_modules/huntsman/lib/resolve.js":{"path":"/home/travis/build/npmtest/node-npmtest-huntsman/node_modules/huntsman/lib/resolve.js","s":{"1":1,"2":0,"3":0,"4":1,"5":1,"6":0,"7":0,"8":0,"9":0,"10":0,"11":0,"12":0,"13":0,"14":0,"15":1},"b":{"1":[0,0],"2":[0,0],"3":[0,0],"4":[0,0],"5":[0,0],"6":[0,0],"7":[0,0],"8":[0,0],"9":[0,0],"10":[0,0],"11":[0,0],"12":[0,0],"13":[0,0],"14":[0,0],"15":[0,0],"16":[0,0],"17":[0,0],"18":[0,0],"19":[0,0],"20":[0,0],"21":[0,0,0],"22":[0,0],"23":[0,0],"24":[0,0],"25":[0,0],"26":[0,0,0],"27":[0,0]},"f":{"1":0,"2":0,"3":0,"4":0},"fnMap":{"1":{"name":"parseURI","line":6,"loc":{"start":{"line":6,"column":0},"end":{"line":6,"column":23}}},"2":{"name":"absolutizeURI","line":22,"loc":{"start":{"line":22,"column":20},"end":{"line":22,"column":55}}},"3":{"name":"removeDotSegments","line":24,"loc":{"start":{"line":24,"column":2},"end":{"line":24,"column":36}}},"4":{"name":"(anonymous_4)","line":29,"loc":{"start":{"line":29,"column":32},"end":{"line":29,"column":45}}}},"statementMap":{"1":{"start":{"line":6,"column":0},"end":{"line":20,"column":1}},"2":{"start":{"line":7,"column":2},"end":{"line":7,"column":156}},"3":{"start":{"line":9,"column":2},"end":{"line":19,"column":12}},"4":{"start":{"line":22,"column":0},"end":{"line":47,"column":2}},"5":{"start":{"line":24,"column":2},"end":{"line":37,"column":3}},"6":{"start":{"line":25,"column":4},"end":{"line":25,"column":20}},"7":{"start":{"line":26,"column":4},"end":{"line":35,"column":7}},"8":{"start":{"line":30,"column":6},"end":{"line":34,"column":7}},"9":{"start":{"line":31,"column":8},"end":{"line":31,"column":21}},"10":{"start":{"line":33,"column":8},"end":{"line":33,"column":23}},"11":{"start":{"line":36,"column":4},"end":{"line":36,"column":78}},"12":{"start":{"line":39,"column":2},"end":{"line":39,"column":30}},"13":{"start":{"line":40,"column":2},"end":{"line":40,"column":30}},"14":{"start":{"line":42,"column":2},"end":{"line":46,"column":19}},"15":{"start":{"line":49,"column":0},"end":{"line":49,"column":31}}},"branchMap":{"1":{"line":9,"type":"cond-expr","locations":[{"start":{"line":9,"column":14},"end":{"line":19,"column":3}},{"start":{"line":19,"column":6},"end":{"line":19,"column":10}}]},"2":{"line":10,"type":"binary-expr","locations":[{"start":{"line":10,"column":15},"end":{"line":10,"column":19}},{"start":{"line":10,"column":23},"end":{"line":10,"column":25}}]},"3":{"line":11,"type":"binary-expr","locations":[{"start":{"line":11,"column":15},"end":{"line":11,"column":19}},{"start":{"line":11,"column":23},"end":{"line":11,"column":25}}]},"4":{"line":12,"type":"binary-expr","locations":[{"start":{"line":12,"column":15},"end":{"line":12,"column":19}},{"start":{"line":12,"column":23},"end":{"line":12,"column":25}}]},"5":{"line":13,"type":"binary-expr","locations":[{"start":{"line":13,"column":15},"end":{"line":13,"column":19}},{"start":{"line":13,"column":23},"end":{"line":13,"column":25}}]},"6":{"line":14,"type":"binary-expr","locations":[{"start":{"line":14,"column":15},"end":{"line":14,"column":19}},{"start":{"line":14,"column":23},"end":{"line":14,"column":25}}]},"7":{"line":15,"type":"binary-expr","locations":[{"start":{"line":15,"column":15},"end":{"line":15,"column":19}},{"start":{"line":15,"column":23},"end":{"line":15,"column":25}}]},"8":{"line":16,"type":"binary-expr","locations":[{"start":{"line":16,"column":15},"end":{"line":16,"column":19}},{"start":{"line":16,"column":23},"end":{"line":16,"column":25}}]},"9":{"line":17,"type":"binary-expr","locations":[{"start":{"line":17,"column":15},"end":{"line":17,"column":19}},{"start":{"line":17,"column":23},"end":{"line":17,"column":25}}]},"10":{"line":18,"type":"binary-expr","locations":[{"start":{"line":18,"column":15},"end":{"line":18,"column":19}},{"start":{"line":18,"column":23},"end":{"line":18,"column":25}}]},"11":{"line":30,"type":"if","locations":[{"start":{"line":30,"column":6},"end":{"line":30,"column":6}},{"start":{"line":30,"column":6},"end":{"line":30,"column":6}}]},"12":{"line":36,"type":"cond-expr","locations":[{"start":{"line":36,"column":68},"end":{"line":36,"column":71}},{"start":{"line":36,"column":74},"end":{"line":36,"column":76}}]},"13":{"line":39,"type":"binary-expr","locations":[{"start":{"line":39,"column":18},"end":{"line":39,"column":22}},{"start":{"line":39,"column":26},"end":{"line":39,"column":28}}]},"14":{"line":40,"type":"binary-expr","locations":[{"start":{"line":40,"column":18},"end":{"line":40,"column":22}},{"start":{"line":40,"column":26},"end":{"line":40,"column":28}}]},"15":{"line":42,"type":"cond-expr","locations":[{"start":{"line":42,"column":26},"end":{"line":42,"column":30}},{"start":{"line":42,"column":33},"end":{"line":46,"column":18}}]},"16":{"line":42,"type":"binary-expr","locations":[{"start":{"line":42,"column":9},"end":{"line":42,"column":14}},{"start":{"line":42,"column":18},"end":{"line":42,"column":23}}]},"17":{"line":42,"type":"binary-expr","locations":[{"start":{"line":42,"column":34},"end":{"line":42,"column":47}},{"start":{"line":42,"column":51},"end":{"line":42,"column":64}}]},"18":{"line":43,"type":"cond-expr","locations":[{"start":{"line":43,"column":44},"end":{"line":43,"column":58}},{"start":{"line":43,"column":61},"end":{"line":43,"column":75}}]},"19":{"line":43,"type":"binary-expr","locations":[{"start":{"line":43,"column":10},"end":{"line":43,"column":23}},{"start":{"line":43,"column":27},"end":{"line":43,"column":41}}]},"20":{"line":44,"type":"cond-expr","locations":[{"start":{"line":44,"column":96},"end":{"line":44,"column":109}},{"start":{"line":44,"column":113},"end":{"line":44,"column":269}}]},"21":{"line":44,"type":"binary-expr","locations":[{"start":{"line":44,"column":27},"end":{"line":44,"column":40}},{"start":{"line":44,"column":44},"end":{"line":44,"column":58}},{"start":{"line":44,"column":62},"end":{"line":44,"column":93}}]},"22":{"line":44,"type":"cond-expr","locations":[{"start":{"line":44,"column":130},"end":{"line":44,"column":252}},{"start":{"line":44,"column":256},"end":{"line":44,"column":269}}]},"23":{"line":44,"type":"cond-expr","locations":[{"start":{"line":44,"column":166},"end":{"line":44,"column":169}},{"start":{"line":44,"column":172},"end":{"line":44,"column":174}}]},"24":{"line":44,"type":"binary-expr","locations":[{"start":{"line":44,"column":131},"end":{"line":44,"column":145}},{"start":{"line":44,"column":149},"end":{"line":44,"column":163}}]},"25":{"line":45,"type":"cond-expr","locations":[{"start":{"line":45,"column":61},"end":{"line":45,"column":72}},{"start":{"line":45,"column":76},"end":{"line":45,"column":102}}]},"26":{"line":45,"type":"binary-expr","locations":[{"start":{"line":45,"column":10},"end":{"line":45,"column":23}},{"start":{"line":45,"column":27},"end":{"line":45,"column":41}},{"start":{
[...]
:{"line":24,"column":67}},"18":{"start":{"line":25,"column":2},"end":{"line":25,"column":66}},"19":{"start":{"line":27,"column":2},"end":{"line":27,"column":12}},"20":{"start":{"line":28,"column":2},"end":{"line":28,"column":71}},"21":{"start":{"line":32,"column":2},"end":{"line":32,"column":46}},"22":{"start":{"line":34,"column":2},"end":{"line":40,"column":46}},"23":{"start":{"line":35,"column":4},"end":{"line":35,"column":43}},"24":{"start":{"line":36,"column":4},"end":{"line":38,"column":5}},"25":{"start":{"line":37,"column":6},"end":{"line":37,"column":92}},"26":{"start":{"line":40,"column":7},"end":{"line":40,"column":46}},"27":{"start":{"line":43,"column":0},"end":{"line":62,"column":2}},"28":{"start":{"line":44,"column":2},"end":{"line":61,"column":4}},"29":{"start":{"line":46,"column":4},"end":{"line":46,"column":40}},"30":{"start":{"line":48,"column":4},"end":{"line":49,"column":25}},"31":{"start":{"line":48,"column":14},"end":{"line":48,"column":29}},"32":{"start":{"line":49,"column":9},"end":{"line":49,"column":25}},"33":{"start":{"line":51,"column":4},"end":{"line":51,"column":79}},"34":{"start":{"line":51,"column":45},"end":{"line":51,"column":79}},"35":{"start":{"line":52,"column":4},"end":{"line":52,"column":36}},"36":{"start":{"line":54,"column":4},"end":{"line":57,"column":5}},"37":{"start":{"line":55,"column":6},"end":{"line":55,"column":35}},"38":{"start":{"line":56,"column":6},"end":{"line":56,"column":37}},"39":{"start":{"line":58,"column":4},"end":{"line":58,"column":35}},"40":{"start":{"line":60,"column":4},"end":{"line":60,"column":16}}},"branchMap":{"1":{"line":14,"type":"if","locations":[{"start":{"line":14,"column":2},"end":{"line":14,"column":2}},{"start":{"line":14,"column":2},"end":{"line":14,"column":2}}]},"2":{"line":23,"type":"if","locations":[{"start":{"line":23,"column":2},"end":{"line":23,"column":2}},{"start":{"line":23,"column":2},"end":{"line":23,"column":2}}]},"3":{"line":28,"type":"binary-expr","locations":[{"start":{"line":28,"column":43},"end":{"line":28,"column":51}},{"start":{"line":28,"column":55},"end":{"line":28,"column":56}}]},"4":{"line":34,"type":"if","locations":[{"start":{"line":34,"column":2},"end":{"line":34,"column":2}},{"start":{"line":34,"column":2},"end":{"line":34,"column":2}}]},"5":{"line":34,"type":"binary-expr","locations":[{"start":{"line":34,"column":6},"end":{"line":34,"column":13}},{"start":{"line":34,"column":17},"end":{"line":34,"column":29}}]},"6":{"line":36,"type":"if","locations":[{"start":{"line":36,"column":4},"end":{"line":36,"column":4}},{"start":{"line":36,"column":4},"end":{"line":36,"column":4}}]},"7":{"line":48,"type":"if","locations":[{"start":{"line":48,"column":4},"end":{"line":48,"column":4}},{"start":{"line":48,"column":4},"end":{"line":48,"column":4}}]},"8":{"line":51,"type":"if","locations":[{"start":{"line":51,"column":4},"end":{"line":51,"column":4}},{"start":{"line":51,"column":4},"end":{"line":51,"column":4}}]},"9":{"line":54,"type":"if","locations":[{"start":{"line":54,"column":4},"end":{"line":54,"column":4}},{"start":{"line":54,"column":4},"end":{"line":54,"column":4}}]}},"code":["","var stats = { errors: 0, success: 0, codes: {} };","var lastResponse = new Date().getTime();","var rps = { prev: 0, now: 0 };","var log = { prev: '', now: '' };","var bytes = { prev: 0, now: 0, total: 0 };","","var pollInterval = setInterval( function(){","  bytes.prev = bytes.now;","  rps.prev = rps.now;","  bytes.now = rps.now = 0;","","  // Clear interval after 10 seconds of inactivity","  if( ( new Date().getTime() - 10000 ) > ( lastResponse ) ){","    clearInterval( pollInterval );","  }","}, 1000 );","","var emit = function( emitter, res, options ){","","  log.prev = log.now;","  log.now = '';","  if( emitter.queue ) log.now += ' \\x1b[1;34mQueued\\x1b[0;34m:' + emitter.queue.data.length + '\\x1b[0m';","  log.now += ' \\x1b[1;32m✓\\x1b[0;32m ' + stats.success + '\\x1b[0m';","  log.now += ' \\x1b[1;31m✘\\x1b[1;31m ' + stats.errors + '\\x1b[0m';","","  rps.now++;","  log.now += ' \\x1b[1;33m⌚\\x1b[0;33m ' + ( rps.prev || 0 ) + '\\x1b[0m';","","  // log.now += ' \\x1b[1;33m:\\x1b[0;33m ' + Math.round( bytes.total / 1048576 ) + 'mb\\x1b[0m';","  // log.now += ' \\x1b[1;33m:\\x1b[0;33m ' + Math.round( bytes.prev / 1048576 ) + 'mb/s\\x1b[0m';","  log.now += '\\x1b[1;10m :\\x1b[0m ' + res.uri;","","  if( options && options.tail ){","    process.stderr.write( '\\r' + log.now );","    if( log.prev.length > log.now.length ){","      process.stderr.write( new Array( log.prev.length - log.now.length + 1 ).join( ' ' ) );","    }","  }","  else process.stderr.write( log.now + '\\n' );","};","","module.exports = function( options ){","  return function( huntsman, err, res, cb ){","","    lastResponse = new Date().getTime();","","    if( err ) stats.errors++;","    else stats.success++;","","    if( !( res.statusCode in stats.codes ) ) stats.codes[ res.statusCode ] = 0;","    stats.codes[ res.statusCode ]++;","","    if( 'string' === typeof( res.body ) ){","      bytes.now += res.body.length;","      bytes.total += res.body.length;","    }","    emit( huntsman, res, options );","","    return cb();","  };","};"],"l":{"2":1,"3":1,"4":1,"5":1,"6":1,"8":1,"9":0,"10":0,"11":0,"14":0,"15":0,"19":1,"21":0,"22":0,"23":0,"24":0,"25":0,"27":0,"28":0,"32":0,"34":0,"35":0,"36":0,"37":0,"40":0,"43":1,"44":0,"46":0,"48":0,"49":0,"51":0,"52":0,"54":0,"55":0,"56":0,"58":0,"60":0}},"/home/travis/build/npmtest/node-npmtest-huntsman/node_modules/huntsman/lib/proxy/http.js":{"path":"/home/travis/build/npmtest/node-npmtest-huntsman/node_modules/huntsman/lib/proxy/http.js","s":{"1":1,"2":1,"3":1,"4":0,"5":0,"6":0,"7":0,"8":0,"9":0,"10":0,"11":0,"12":0,"13":0,"14":0,"15":0,"16":0,"17":0},"b":{"1":[0,0],"2":[0,0],"3":[0,0],"4":[0,0],"5":[0,0]},"f":{"1":0,"2":0,"3":0},"fnMap":{"1":{"name":"(anonymous_1)","line":5,"loc":{"start":{"line":5,"column":17},"end":{"line":5,"column":36}}},"2":{"name":"(anonymous_2)","line":8,"loc":{"start":{"line":8,"column":9},"end":{"line":8,"column":28}}},"3":{"name":"(anonymous_3)","line":13,"loc":{"start":{"line":13,"column":17},"end":{"line":13,"column":38}}}},"statementMap":{"1":{"start":{"line":2,"column":0},"end":{"line":2,"column":46}},"2":{"start":{"line":3,"column":0},"end":{"line":3,"column":49}},"3":{"start":{"line":5,"column":0},"end":{"line":25,"column":2}},"4":{"start":{"line":6,"column":2},"end":{"line":6,"column":30}},"5":{"start":{"line":6,"column":17},"end":{"line":6,"column":30}},"6":{"start":{"line":7,"column":2},"end":{"line":7,"column":74}},"7":{"start":{"line":7,"column":23},"end":{"line":7,"column":74}},"8":{"start":{"line":8,"column":2},"end":{"line":24,"column":4}},"9":{"start":{"line":9,"column":4},"end":{"line":9,"column":39}},"10":{"start":{"line":10,"column":4},"end":{"line":10,"column":43}},"11":{"start":{"line":10,"column":14},"end":{"line":10,"column":43}},"12":{"start":{"line":11,"column":4},"end":{"line":23,"column":7}},"13":{"start":{"line":14,"column":6},"end":{"line":14,"column":47}},"14":{"start":{"line":14,"column":16},"end":{"line":14,"column":47}},"15":{"start":{"line":15,"column":6},"end":{"line":20,"column":10}},"16":{"start":{"line":21,"column":6},"end":{"line":21,"column":39}},"17":{"start":{"line":22,"column":6},"end":{"line":22,"column":38}}},"branchMap":{"1":{"line":6,"type":"if","locations":[{"start":{"line":6,"column":2},"end":{"line":6,"column":2}},{"start":{"line":6,"column":2},"end":{"line":6,"column":2}}]},"2":{"line":7,"type":"if","locations":[{"start":{"line":7,"column":2},"end":{"line":7,"column":2}},{"start":{"line":7,"column":2},"end":{"line":7,"column":2}}]},"3":{"line":10,"type":"if","locations":[{"start":{"line":10,"column":4},"end":{"line":10,"column":4}},{"start":{"line":10,"column":4},"end":{"line":10,"column":4}}]},"4":{"line":14,"type":"if","locations":[{"start":{"line":14,"column":6},"end":{"line":14,"column":6}},{"start":{"line":14,"column":6},"end":{"line":14,"column":6}}]},"5":{"line":19,"type":"binary-expr","locations":[{"start":{"line":19,"column":14},"end":{"line":19,"column":22}},{"start":{"line":19,"column":26},"end":{"line":19,"column":28}}]}},"code":["","var request = require( 'superagent' ).agent();","var version = require( '../../package' ).version;","","module.exports = function( options ){","  if( !options ) options = {};","  if( !options.store ) options.store = ( require( '../storage/null' ) )();","  return function( uri, cb ){","    var hit = options.store.get( uri );","    if( hit ) return cb.apply( null, hit );","    request.get( uri )","           .set( 'User-Agent', 'huntsman/' + version )","           .end( function( err, res ) {","      if( err ) return cb( err, { uri: uri } );","      var result = [ err, {","        uri: uri,","        statusCode: res.status,","        headers: res.header,","        body: res.text || ''","      } ];","      options.store.set( uri, result );","      return cb.apply( null, result );","    });","  };","};"],"l":{"2":1,"3":1,"5":1,"6":0,"7":0,"8":0,"9":0,"10":0,"11":0,"14":0,"15":0,"21":0,"22":0}},"/home/travis/build/npmtest/node-npmtest-huntsman/node_modules/huntsman/lib/storage/filesystem.js":{"path":"/home/travis/build/npmtest/node-npmtest-huntsman/node_modules/huntsman/lib/storage/filesystem.js","s":{"1":1,"2":1,"3":1,"4":1,"5":1,"6":0,"7":0,"8":0,"9":0,"10":0,"11":0,"12":0,"13":0,"14":0,"15":0,"16":0,"17":0,"18":0,"19":0,"20":0,"21":0,"22":0,"23":0,"24":0,"25":0,"26":0,"27":0,"28":0,"29":0,"30":0,"31":0,"32":0,"33":0,"34":0,"35":0,"36":0,"37":0,"38":0,"39":0},"b":{"1":[0,0],"2":[0,0],"3":[0,0],"4":[0,0],"5":[0,0],"6":[0,0],"7":[0,0],"8":[0,0],"9":[0,0],"10":[0,0]},"f":{"1":0,"2":0,"3":0,"4":0,"5":0,"6":0,"7":0,"8":0,"9":0},"fnMap":{"1":{"name":"(anonymous_1)","line":7,"loc":{"start":{"line":7,"column":17},"end":{"line":7,"column":57}}},"2":{"name":"(anonymous_2)","line":15,"loc":{"start":{"line":15,"column":9},"end":{"line":15,"column":24}}},"3":{"name":"(anonymous_3)","line":18,"loc":{"start":{"line":18,"column":9},"end":{"line":18,"column":31}}},"4":{"name":"(anonymous_4)","line":22,"loc":{"start":{"line":22,"column":9},"end":{"line":22,"column":24}}},"5":{"name":"(anonymous_5)","line":26,"loc":{"start":{"line":26,"column":10},"end":{"line":26,"column":20}}},"6":{"name":"(anonymous_6)","line":33,"loc":{"start":{"line":33,"column":21},"end":{"line":33,"column":43}}},"7":{"name":"(anonymous_7)","line":35,"loc":{"start":{"line":35,"column":27},"end":{"line":35,"column":48}}},"8":{"name":"(anonymous_8)","line":42,"loc":{"start":{"line":42,"column":11},"end":{"line":42,"column":21}}},"9":{"name":"(anonymous_9)","line":44,"loc":{"start":{"line":44,"column":82},"end":{"line":44,"column":97}}}},"statementMap":{"1":{"start":{"line":2,"column":0},"end":{"line":2,"column":23}},"2":{"start":{"line":3,"column":0},"end":{"line":3,"column":27}},"3":{"start":{"line":4,"column":0},"end":{"line":4,"column":32}},"4":{"start":{"line":5,"column":0},"end":{"line":5,"column":20}},"5":{"start":{"line":7,"column":0},"end":{"line":58,"column":2}},"6":{"start":{"line":9,"column":2},"end":{"line":9,"column":76}},"7":{"start":{"line":9,"column":37},"end":{"line":9,"column":76}},"8":{"start":{"line":10,"column":2},"end":{"line":10,"column":61}},"9":{"start":{"line":10,"column":48},"end":{"line":10,"column":61}},"10":{"start":{"line":11,"column":2},"end":{"line":11,"column":66}},"11":{"start":{"line":11,"column":40},"end":{"line":11,"column":66}},"12":{"start":{"line":13,"column":2},"end":{"line":50,"column":4}},"13":{"start":{"line":16,"column":6},"end":{"line":16,"column":30}},"14":{"start":{"line":19,"column":6},"end":{"line":19,"column":31}},"15":{"start":{"line":20,"column":6},"end":{"line":20,"column":30}},"16":{"start":{"line":23,"column":6},"end":{"line":23,"column":31}},"17":{"start":{"line":24,"column":6},"end":{"line":24,"column":23}},"18":{"start":{"line":28,"column":6},"end":{"line":28,"column":22}},"19":{"start":{"line":29,"column":6},"end":{"line":30,"column":42}},"20":{"start":{"line":29,"column":12},"end":{"line":29,"column":44}},"21":{"start":{"line":30,"column":18},"end":{"line":30,"column":40}},"22":{"start":{"line":32,"column":6},"end":{"line":40,"column":9}},"23":{"start":{"line":33,"column":6},"end":{"line":40,"column":9}},"24":{"start":{"line":34,"column":8},"end":{"line":34,"column":42}},"25":{"start":{"line":34,"column":18},"end":{"line":34,"column":42}},"26":{"start":{"line":35,"column":8},"end":{"line":39,"column":11}},"27":{"start":{"line":36,"column":10},"end":{"line":36,"column":44}},"28":{"start":{"line":36,"column":20},"end":{"line":36,"column":44}},"29":{"start":{"line":37,"column":10},"end":{"line":37,"column":46}},"30":{"start":{"line":38,"column":10},"end":{"line":38,"column":34}},"31":{"start":{"line":43,"column":6},"end":{"line":48,"column":7}},"32":{"start":{"line":44,"column":8},"end":{"line":47,"column":11}},"33":{"start":{"line":45,"column":10},"end":{"line":45,"column":43}},"34":{"start":{"line":45,"column":20},"end":{"line":45,"column":43}},"35":{"start":{"line":46,"column":10},"end":{"line":46,"column":34}},"36":{"start":{"line":52,"column":2},"end":{"line":54,"column":3}},"37":{"start":{"line":53,"column":4},"end":{"line":53,"column":58}},"38":{"start":{"line":56,"column":2},"end":{"line":56,"column":19}},"39":{"start":{"line":57,"column":2},"end":{"line":57,"column":19}}},"branchMap":{"1":{"line":9,"type":"if","locations":[{"start":{"line":9,"column":2},"end":{"line":9,"column":2}},{"start":{"line":9,"column":2},"end":{"line":9,"column":2}}]},"2":{"line":10,"type":"if","locations":[{"start":{"line":10,"column":2},"end":{"line":10,"column":2}},{"start":{"line":10,"column":2},"end":{"line":10,"column":2}}]},"3":{"line":10,"type":"binary-expr","locations":[{"start":{"line":10,"column":6},"end":{"line":10,"column":33}},{"start":{"line":10,"column":37},"end":{"line":10,"column":45}}]},"4":{"line":11,"type":"if","locations":[{"start":{"line":11,"column":2},"end":{"line":11,"column":2}},{"start":{"line":11,"column":2},"end":{"line":11,"column":2}}]},"5":{"line":32,"type":"if","locations":[{"start":{"line":32,"column":6},"end":{"line":32,"column":6}},{"start":{"line":32,"column":6},"end":{"line":32,"column":6}}]},"6":{"line":34,"type":"if","locations":[{"start":{"line":34,"column":8},"end":{"line":34,"column":8}},{"start":{"line":34,"column":8},"end":{"line":34,"column":8}}]},"7":{"line":36,"type":"if","locations":[{"start":{"line":36,"column":10},"end":{"line":36,"column":10}},{"start":{"line":36,"column":10},"end":{"line":36,"column":10}}]},"8":{"line":43,"type":"if","locations":[{"start":{"line":43,"column":6},"end":{"line":43,"column":6}},{"start":{"line":43,"column":6},"end":{"line":43,"column":6}}]},"9":{"line":45,"type":"if","locations":[{"start":{"line":45,"column":10},"end":{"line":45,"column":10}},{"start":{"line":45,"column":10},"end":{"line":45,"column":10}}]},"10":{"line":52,"type":"if","locations":[{"start":{"line":52,"column":2},"end":{"line":52,"column":2}},{"start":{"line":52,"column":2},"end":{"line":52,"column":2}}]}},"code":["","var fs = require('fs');","var path = require('path');","var cache = require('./memory');","var store = cache();","","module.exports = function( filename, options, errorback ){","","  if( 'string' !== typeof filename ) throw new Error( 'invalid file name' );","  if( 'object' !== typeof options || !options ) options = {};","  if( 'function' !== typeof errorback ) errorback = console.error;","","  var filestore = {","    synced: false,","    get: function( key ){","      return store.get( key );","    },","    set: function( key, value ){","      filestore.synced = false;","      store.set( key, value );","    },","    del: function( key ){","      filestore.synced = false;","      store.del( key );","    },","    read: function(){","","      var path = null;","      try { path = path.resolve( filename ); }","      catch( e ){ return errorback( e ); }","","      if( path )","      fs.stat( path, function( err, stats ){","        if( err ) return errorback( err );","        fs.readFile( path, function( err, data ){","          if( err ) return errorback( err );","          store = cache( JSON.parse( data ) );","          filestore.synced = true;","        });","      });","    },","    write: function(){","      if( !filestore.synced ){","        fs.writeFile( path.resolve( filename ), JSON.stringify( filestore.data ), function( err ){","          if( err ) throw new Error( err );","          filestore.synced = true;","        });","      }","    }","  };","","  if( options.writeInterval ){","    setInterval( filestore.write, options.writeInterval );","  }","","  filestore.read();","  return filestore;","};"],"l":{"2":1,"3":1,"4":1,"5":1,"7":1,"9":0,"10":0,"11":0,"13":0,"16":0,"19":0,"20":0,"23":0,"24":0,"28":0,"29":0,"30":0,"32":0,"33":0,"34":0,"35":0,"36":0,"37":0,"38":0,"43":0,"44":0,"45":0,"46":0,"52":0,"53":0,"56":0,"57":0}},"/home/travis/build/npmtest/node-npmtest-huntsman/node_modules/huntsman/lib/storage/memory.js":{"path":"/home/travis/build/npmtest/node-npmtest-huntsman/node_modules/huntsman/lib/storage/memory.js","s":{"1":1,"2":1,"3":0,"4":0,"5":0,"6":1},"b":{"1":[0,1]},"f":{"1":1,"2":0,"3":0,"4":0},"fnMap":{"1":{"name":"(anonymous_1)","line":2,"loc":{"start":{"line":2,"column":17},"end":{"line":2,"column":33}}},"2":{"name":"(anonymous_2)","line":6,"loc":{"start":{"line":6,"column":9},"end":{"line":6,"column":24}}},"3":{"name":"(anonymous_3)","line":9,"loc":{"start":{"line":9,"column":9},"end":{"line":9,"column":31}}},"4":{"name":"(anonymous_4)","line":12,"loc":{"start":{"line":12,"column":9},"end":{"line":12,"column":24}}}},"statementMap":{"1":{"start":{"line":2,"column":0},"end":{"line":18,"column":2}},"2":{"start":{"line":4,"column":2},"end":{"line":15,"column":4}},"3":{"start":{"line":7,"column":6},"end":{"line":7,"column":38}},"4":{"start":{"line":10,"column":6},"end":{"line":10,"column":39}},"5":{"start":{"line":13,"column":6},"end":{"line":13,"column":38}},"6":{"start":{"line":17,"column":2},"end":{"line":17,"column":21}}},"branchMap":{"1":{"line":5,"type":"cond-expr","locations":[{"start":{"line":5,"column":42},"end":{"line":5,"column":46}},{"start":{"line":5,"column":49},"end":{"line":5,"column":51}}]}},"code":["","module.exports = function( init ){","","  var memorystore = {","    store: ( 'object' === typeof init ) ? init : {},","    get: function( key ){","      return memorystore.store[ key ];","    },","    set: function( key, value ){","      memorystore.store[ key ] = value;","    },","    del: function( key ){","      delete memorystore.store[ key ];","    }","  };","","  return memorystore;","};"],"l":{"2":1,"4":1,"7":0,"10":0,"13":0,"17":1}},"/home/travis/build/npmtest/node-npmtest-huntsman/node_modules/huntsman/lib/storage/null.js":{"path":"/home/travis/build/npmtest/node-npmtest-huntsman/node_modules/huntsman/lib/storage/null.js","s":{"1":1,"2":0,"3":0,"4":0,"5":0},"b":{},"f":{"1":0,"2":0,"3":0,"4":0},"fnMap":{"1":{"name":"(anonymous_1)","line":2,"loc":{"start":{"line":2,"column":17},"end":{"line":2,"column":27}}},"2":{"name":"(anonymous_2)","line":4,"loc":{"start":{"line":4,"column":9},"end":{"line":4,"column":19}}},"3":{"name":"(anonymous_3)","line":7,"loc":{"start":{"line":7,"column":9},"end":{"line":7,"column":19}}},"4":{"name":"(anonymous_4)","line":10,"loc":{"start":{"line":10,"column":9},"end":{"line":10,"column":19}}}},"statementMap":{"1":{"start":{"line":2,"column":0},"end":{"line":14,"column":2}},"2":{"start":{"line":3,"column":2},"end":{"line":13,"column":4}},"3":{"start":{"line":5,"column":6},"end":{"line":5,"column":18}},"4":{"start":{"line":8,"column":6},"end":{"line":8,"column":18}},"5":{"start":{"line":11,"column":6},"end":{"line":11,"column":18}}},"branchMap":{},"code":["","module.exports = function(){","  return {","    get: function(){","      return null;","    },","    set: function(){","      return null;","    },","    del: function(){","      return null;","    }","  };","};"],"l":{"2":1,"3":0,"5":0,"8":0,"11":0}}}